
FILE IDENTIFICATION
ISOTXS   HNAME         HOLLERITH FILE NAME - ISOTXS
wyang    HUSE(1)       HOLLERITH USER IDENTIFICATION
         HUSE(2)       HOLLERITH USER IDENTIFICATION
       1 IVERS         FILE VERSION NUMBER

FILE CONTROL   (1D RECORD)
    33 NGROUP        NUMBER OF ENERGY GROUPS IN FILE
    68 NISO          NUMBER OF ISOTOPES IN FILE
     0 MAXUP         MAXIMUM NUMBER OF UPSCATTER GROUPS
    31 MAXDN         MAXIMUM NUMBER OF DOWNSCATTER GROUPS
     1 MAXORD        MAXIMUM SCATTERING ORDER
     1 ICHIST        FILE-WIDE FISSION SPECTRUM FLAG
     5 NSCMAX        MAXIMUM NUMBER OF BLOCKS OF SCATTERING DATA
     1 NSBLOK        SUBBLOCKING CONTROL FOR SCATTER MATRICES

FILE DATA   (2D RECORD)
HSETID(I)     HOLLERITH IDENTIFICATION OF FILE
        04/12/          CSE010                                                  *               
HISONM(I)     HOLLERITH ISOTOPE LABEL FOR ISOTOPE I
  1 U-235H       2 AM242H       3 CM243H       4 CM244H       5 TC99 H     
  6 ZR   H       7 PB207H       8 PB206H       9 PB208H      10 BI209H     
 11 TI   H      12 PU239H      13 PU240H      14 PU241H      15 PU242H     
 16 U-238H      17 U-234H      18 AM241H      19 AM243H      20 NP237H     
 21 MO   H      22 U-236H      23 PU238H      24 NI58 H      25 CR52 H     
 26 FE56 H      27 FE54 H      28 FE57 H      29 FE58 H      30 CR50 H     
 31 CR53 H      32 CR54 H      33 NI60 H      34 NI61 H      35 NI62 H     
 36 NI64 H      37 FE   H      38 LFPMO2      39 CM242H      40 PB   H     
 41 CR   H      42 NI   H      43 PU236H      44 CM245H      45 CM246H     
 46 PB2072      47 PB2062      48 PB2082      49 BI2092      50 ZR   0     
 51 MG   0      52 C    0      53 MO   0      54 MN   0      55 SI   0     
 56 CR52 0      57 FE56 0      58 FE54 0      59 FE57 0      60 FE58 0     
 61 CR50 0      62 CR53 0      63 CR54 0      64 DUMP1       65 DUMP2      
 66 B-10 H      67 B-11 H      68 TH232H     
CHI(J)        FILE-WIDE FISSION SPECTRUM
  1 0.166356E-02     2 0.280232E-01     3 0.120341E+00     4 0.219204E+00     5 0.230356E+00   
  6 0.172479E+00     7 0.106849E+00     8 0.595229E-01     9 0.310686E-01    10 0.156433E-01   
 11 0.776791E-02    12 0.370483E-02    13 0.175882E-02    14 0.838142E-03    15 0.419803E-03   
 16 0.188511E-03    17 0.912968E-04    18 0.439829E-04    19 0.196803E-04    20 0.994980E-05   
 21 0.446083E-05    22 0.180986E-05    23 0.148981E-05    24 0.407446E-06    25 0.133098E-06   
 26 0.127176E-06    27 0.601287E-07    28 0.237814E-07    29 0.116773E-07    30 0.669540E-08   
 31 0.309506E-08    32 0.528668E-10    33 0.000000E+00   
VEL(J)        MEAN NEUTRON VELOCITY IN GROUP J (CM/SEC)
  1 0.456560E+10     2 0.367207E+10     3 0.291476E+10     4 0.227704E+10     5 0.178866E+10   
  6 0.139800E+10     7 0.109170E+10     8 0.856309E+09     9 0.676124E+09    10 0.521220E+09   
 11 0.406754E+09    12 0.318882E+09    13 0.249887E+09    14 0.196615E+09    15 0.148178E+09   
 16 0.117003E+09    17 0.907870E+08    18 0.709086E+08    19 0.556573E+08    20 0.435883E+08   
 21 0.339890E+08    22 0.270118E+08    23 0.211931E+08    24 0.154395E+08    25 0.116681E+08   
 26 0.105632E+08    27 0.786088E+07    28 0.616018E+07    29 0.461824E+07    30 0.349054E+07   
 31 0.117361E+07    32 0.957741E+06    33 0.220000E+06   
EMAX(J)       MAXIMUM ENERGY BOUND OF GROUP J (EV)
  1 0.140729E+08     2 0.100000E+08     3 0.606531E+07     4 0.367879E+07     5 0.223130E+07   
  6 0.135335E+07     7 0.820850E+06     8 0.497871E+06     9 0.301974E+06    10 0.183156E+06   
 11 0.111090E+06    12 0.673794E+05    13 0.408677E+05    14 0.247875E+05    15 0.150344E+05   
 16 0.911882E+04    17 0.553084E+04    18 0.335462E+04    19 0.203468E+04    20 0.123410E+04   
 21 0.748518E+03    22 0.453999E+03    23 0.304325E+03    24 0.148625E+03    25 0.916608E+02   
 26 0.679040E+02    27 0.401690E+02    28 0.226033E+02    29 0.137096E+02    30 0.831528E+01   
 31 0.399387E+01    32 0.540512E+00    33 0.413993E+00   
EMIN          MINIMUM ENERGY BOUND OF SET (EV)
0.000000E+00
LOCA(I)       NUMBER OF RECORDS TO BE SKIPPED TO READ DATA FOR ISOTOPE I
  1      0     2      6     3     10     4     16     5     22   
  6     28     7     34     8     40     9     46    10     52   
 11     58    12     64    13     70    14     76    15     82   
 16     88    17     94    18    100    19    106    20    112   
 21    118    22    124    23    130    24    136    25    142   
 26    148    27    154    28    160    29    166    30    172   
 31    178    32    184    33    190   

********************************************************************************
INDIVIDUAL ISOTOPIC DATA
********************************************************************************

ISOTOPE  1
ISOTOPE CONTROL AND GROUP INDEPENDENT DATA   (4D RECORD)
U-2356   HABSID        HOLLERITH ABSOLUTE ISOTOPE LABEL
ENDF/B   HIDENT        IDENTIFIER OF LIBRARY FROM WHICH BASIC DATA CAME
9228     HMAT          ISOTOPE IDENTIFICATION
235.04 AMASS         GRAM ATOMIC WEIGHT
.3E-10 EFISS         TOTAL THERMAL ENERGY YIELD/FISSION (W.SEC/FISS)
.1E-11 ECAPT         TOTAL THERMAL ENERGY YIELD/CAPTURE (W.SEC/CAPT)
.3E+03 TEMP          ISOTOPE TEMPERATURE (DEGREES KELVIN)
.1E+06 SIGPOT        AVERAGE EFFECTIVE POTENTIAL SCATTERING IN RESONANCE RANGE (BARNS/ATOM)
.2E-05 ADENS         DENSITY OF ISOTOPE IN MIXTURE IN WHICH ISOTOPE CROSS SECTIONS WERE GENERATED (A/BARN-CM)
     0 KBR           ISOTOPE CLASSIFICATION (SEE DOCUMENTATION)
     1 ICHI          ISOTOPE FISSION SPECTRUM FLAG
     1 IFIS          (N,F) CROSS SECTION FLAG 
     0 IALF          (N,ALPHA) CROSS SECTION FLAG
     0 INP           (N,P) CROSS SECTION FLAG
     1 IN2N          (N,2N) CROSS SECTION FLAG
     0 IND           (N,D) CROSS SECTION FLAG
     0 INT           (N,T) CROSS SECTION FLAG
     2 LTOT          NUMBER OF MOMENTS OF TOTAL CROSS SECTION PROVIDED
     1 LTRN          NUMBER OF MOMENTS OF TRANSPORT CROSS SECTION
     0 ISTRPD        NUMBER OF COORDINATE DIRECTIONS ... (MUST .EQ. 0)

ISOTOPE  2
ISOTOPE CONTROL AND GROUP INDEPENDENT DATA   (4D RECORD)
AM2426   HABSID        HOLLERITH ABSOLUTE ISOTOPE LABEL
ENDF/B   HIDENT        IDENTIFIER OF LIBRARY FROM WHICH BASIC DATA CAME
9546     HMAT          ISOTOPE IDENTIFICATION
242.06 AMASS         GRAM ATOMIC WEIGHT
.3E-10 EFISS         TOTAL THERMAL ENERGY YIELD/FISSION (W.SEC/FISS)
.1E-11 ECAPT         TOTAL THERMAL ENERGY YIELD/CAPTURE (W.SEC/CAPT)
.3E+03 TEMP          ISOTOPE TEMPERATURE (DEGREES KELVIN)
.6E+07 SIGPOT        AVERAGE EFFECTIVE POTENTIAL SCATTERING IN RESONANCE RANGE (BARNS/ATOM)
.5E-07 ADENS         DENSITY OF ISOTOPE IN MIXTURE IN WHICH ISOTOPE CROSS SECTIONS WERE GENERATED (A/BARN-CM)
     0 KBR           ISOTOPE CLASSIFICATION (SEE DOCUMENTATION)
     1 ICHI          ISOTOPE FISSION SPECTRUM FLAG
     1 IFIS          (N,F) CROSS SECTION FLAG 
     0 IALF          (N,ALPHA) CROSS SECTION FLAG
     0 INP           (N,P) CROSS SECTION FLAG
     0 IN2N          (N,2N) CROSS SECTION FLAG
     0 IND           (N,D) CROSS SECTION FLAG
     0 INT           (N,T) CROSS SECTION FLAG
     2 LTOT          NUMBER OF MOMENTS OF TOTAL CROSS SECTION PROVIDED
     1 LTRN          NUMBER OF MOMENTS OF TRANSPORT CROSS SECTION
     0 ISTRPD        NUMBER OF COORDINATE DIRECTIONS ... (MUST .EQ. 0)

ISOTOPE  3
ISOTOPE CONTROL AND GROUP INDEPENDENT DATA   (4D RECORD)
CM2436   HABSID        HOLLERITH ABSOLUTE ISOTOPE LABEL
ENDF/B   HIDENT        IDENTIFIER OF LIBRARY FROM WHICH BASIC DATA CAME
9634     HMAT          ISOTOPE IDENTIFICATION
243.06 AMASS         GRAM ATOMIC WEIGHT
.3E-10 EFISS         TOTAL THERMAL ENERGY YIELD/FISSION (W.SEC/FISS)
.1E-11 ECAPT         TOTAL THERMAL ENERGY YIELD/CAPTURE (W.SEC/CAPT)
.3E+03 TEMP          ISOTOPE TEMPERATURE (DEGREES KELVIN)
.1E+08 SIGPOT        AVERAGE EFFECTIVE POTENTIAL SCATTERING IN RESONANCE RANGE (BARNS/ATOM)
.3E-07 ADENS         DENSITY OF ISOTOPE IN MIXTURE IN WHICH ISOTOPE CROSS SECTIONS WERE GENERATED (A/BARN-CM)
     0 KBR           ISOTOPE CLASSIFICATION (SEE DOCUMENTATION)
     1 ICHI          ISOTOPE FISSION SPECTRUM FLAG
     1 IFIS          (N,F) CROSS SECTION FLAG 
     0 IALF          (N,ALPHA) CROSS SECTION FLAG
     0 INP           (N,P) CROSS SECTION FLAG
     1 IN2N          (N,2N) CROSS SECTION FLAG
     0 IND           (N,D) CROSS SECTION FLAG
     0 INT           (N,T) CROSS SECTION FLAG
     2 LTOT          NUMBER OF MOMENTS OF TOTAL CROSS SECTION PROVIDED
     1 LTRN          NUMBER OF MOMENTS OF TRANSPORT CROSS SECTION
     0 ISTRPD        NUMBER OF COORDINATE DIRECTIONS ... (MUST .EQ. 0)

ISOTOPE  4
ISOTOPE CONTROL AND GROUP INDEPENDENT DATA   (4D RECORD)
CM2446   HABSID        HOLLERITH ABSOLUTE ISOTOPE LABEL
ENDF/B   HIDENT        IDENTIFIER OF LIBRARY FROM WHICH BASIC DATA CAME
9637     HMAT          ISOTOPE IDENTIFICATION
244.06 AMASS         GRAM ATOMIC WEIGHT
.3E-10 EFISS         TOTAL THERMAL ENERGY YIELD/FISSION (W.SEC/FISS)
.1E-11 ECAPT         TOTAL THERMAL ENERGY YIELD/CAPTURE (W.SEC/CAPT)
.3E+03 TEMP          ISOTOPE TEMPERATURE (DEGREES KELVIN)
.2E+06 SIGPOT        AVERAGE EFFECTIVE POTENTIAL SCATTERING IN RESONANCE RANGE (BARNS/ATOM)
.1E-05 ADENS         DENSITY OF ISOTOPE IN MIXTURE IN WHICH ISOTOPE CROSS SECTIONS WERE GENERATED (A/BARN-CM)
     0 KBR           ISOTOPE CLASSIFICATION (SEE DOCUMENTATION)
     1 ICHI          ISOTOPE FISSION SPECTRUM FLAG
     1 IFIS          (N,F) CROSS SECTION FLAG 
     0 IALF          (N,ALPHA) CROSS SECTION FLAG
     0 INP           (N,P) CROSS SECTION FLAG
     1 IN2N          (N,2N) CROSS SECTION FLAG
     0 IND           (N,D) CROSS SECTION FLAG
     0 INT           (N,T) CROSS SECTION FLAG
     2 LTOT          NUMBER OF MOMENTS OF TOTAL CROSS SECTION PROVIDED
     1 LTRN          NUMBER OF MOMENTS OF TRANSPORT CROSS SECTION
     0 ISTRPD        NUMBER OF COORDINATE DIRECTIONS ... (MUST .EQ. 0)

ISOTOPE  5
ISOTOPE CONTROL AND GROUP INDEPENDENT DATA   (4D RECORD)
TC99 6   HABSID        HOLLERITH ABSOLUTE ISOTOPE LABEL
ENDF/B   HIDENT        IDENTIFIER OF LIBRARY FROM WHICH BASIC DATA CAME
4325     HMAT          ISOTOPE IDENTIFICATION
 99.00 AMASS         GRAM ATOMIC WEIGHT
.0E+00 EFISS         TOTAL THERMAL ENERGY YIELD/FISSION (W.SEC/FISS)
.1E-11 ECAPT         TOTAL THERMAL ENERGY YIELD/CAPTURE (W.SEC/CAPT)
.3E+03 TEMP          ISOTOPE TEMPERATURE (DEGREES KELVIN)
.7E+03 SIGPOT        AVERAGE EFFECTIVE POTENTIAL SCATTERING IN RESONANCE RANGE (BARNS/ATOM)
.4E-03 ADENS         DENSITY OF ISOTOPE IN MIXTURE IN WHICH ISOTOPE CROSS SECTIONS WERE GENERATED (A/BARN-CM)
     0 KBR           ISOTOPE CLASSIFICATION (SEE DOCUMENTATION)
     0 ICHI          ISOTOPE FISSION SPECTRUM FLAG
     0 IFIS          (N,F) CROSS SECTION FLAG 
     0 IALF          (N,ALPHA) CROSS SECTION FLAG
     0 INP           (N,P) CROSS SECTION FLAG
     1 IN2N          (N,2N) CROSS SECTION FLAG
     0 IND           (N,D) CROSS SECTION FLAG
     0 INT           (N,T) CROSS SECTION FLAG
     2 LTOT          NUMBER OF MOMENTS OF TOTAL CROSS SECTION PROVIDED
     1 LTRN          NUMBER OF MOMENTS OF TRANSPORT CROSS SECTION
     0 ISTRPD        NUMBER OF COORDINATE DIRECTIONS ... (MUST .EQ. 0)

ISOTOPE  6
ISOTOPE CONTROL AND GROUP INDEPENDENT DATA   (4D RECORD)
ZR   6   HABSID        HOLLERITH ABSOLUTE ISOTOPE LABEL
ENDF/B   HIDENT        IDENTIFIER OF LIBRARY FROM WHICH BASIC DATA CAME
4000     HMAT          ISOTOPE IDENTIFICATION
 91.22 AMASS         GRAM ATOMIC WEIGHT
.0E+00 EFISS         TOTAL THERMAL ENERGY YIELD/FISSION (W.SEC/FISS)
.1E-11 ECAPT         TOTAL THERMAL ENERGY YIELD/CAPTURE (W.SEC/CAPT)
.3E+03 TEMP          ISOTOPE TEMPERATURE (DEGREES KELVIN)
.4E+02 SIGPOT        AVERAGE EFFECTIVE POTENTIAL SCATTERING IN RESONANCE RANGE (BARNS/ATOM)
.7E-02 ADENS         DENSITY OF ISOTOPE IN MIXTURE IN WHICH ISOTOPE CROSS SECTIONS WERE GENERATED (A/BARN-CM)
     0 KBR           ISOTOPE CLASSIFICATION (SEE DOCUMENTATION)
     0 ICHI          ISOTOPE FISSION SPECTRUM FLAG
     0 IFIS          (N,F) CROSS SECTION FLAG 
     1 IALF          (N,ALPHA) CROSS SECTION FLAG
     1 INP           (N,P) CROSS SECTION FLAG
     1 IN2N          (N,2N) CROSS SECTION FLAG
     0 IND           (N,D) CROSS SECTION FLAG
     0 INT           (N,T) CROSS SECTION FLAG
     2 LTOT          NUMBER OF MOMENTS OF TOTAL CROSS SECTION PROVIDED
     1 LTRN          NUMBER OF MOMENTS OF TRANSPORT CROSS SECTION
     0 ISTRPD        NUMBER OF COORDINATE DIRECTIONS ... (MUST .EQ. 0)

ISOTOPE  7
ISOTOPE CONTROL AND GROUP INDEPENDENT DATA   (4D RECORD)
PB2076   HABSID        HOLLERITH ABSOLUTE ISOTOPE LABEL
ENDF/B   HIDENT        IDENTIFIER OF LIBRARY FROM WHICH BASIC DATA CAME
8234     HMAT          ISOTOPE IDENTIFICATION
206.98 AMASS         GRAM ATOMIC WEIGHT
.0E+00 EFISS         TOTAL THERMAL ENERGY YIELD/FISSION (W.SEC/FISS)
.9E-12 ECAPT         TOTAL THERMAL ENERGY YIELD/CAPTURE (W.SEC/CAPT)
.3E+03 TEMP          ISOTOPE TEMPERATURE (DEGREES KELVIN)
.2E+03 SIGPOT        AVERAGE EFFECTIVE POTENTIAL SCATTERING IN RESONANCE RANGE (BARNS/ATOM)
.2E-02 ADENS         DENSITY OF ISOTOPE IN MIXTURE IN WHICH ISOTOPE CROSS SECTIONS WERE GENERATED (A/BARN-CM)
     0 KBR           ISOTOPE CLASSIFICATION (SEE DOCUMENTATION)
     0 ICHI          ISOTOPE FISSION SPECTRUM FLAG
     0 IFIS          (N,F) CROSS SECTION FLAG 
     1 IALF          (N,ALPHA) CROSS SECTION FLAG
     1 INP           (N,P) CROSS SECTION FLAG
     1 IN2N          (N,2N) CROSS SECTION FLAG
     0 IND           (N,D) CROSS SECTION FLAG
     1 INT           (N,T) CROSS SECTION FLAG
     2 LTOT          NUMBER OF MOMENTS OF TOTAL CROSS SECTION PROVIDED
     1 LTRN          NUMBER OF MOMENTS OF TRANSPORT CROSS SECTION
     0 ISTRPD        NUMBER OF COORDINATE DIRECTIONS ... (MUST .EQ. 0)

ISOTOPE  8
ISOTOPE CONTROL AND GROUP INDEPENDENT DATA   (4D RECORD)
PB2066   HABSID        HOLLERITH ABSOLUTE ISOTOPE LABEL
ENDF/B   HIDENT        IDENTIFIER OF LIBRARY FROM WHICH BASIC DATA CAME
8231     HMAT          ISOTOPE IDENTIFICATION
205.97 AMASS         GRAM ATOMIC WEIGHT
.0E+00 EFISS         TOTAL THERMAL ENERGY YIELD/FISSION (W.SEC/FISS)
.9E-12 ECAPT         TOTAL THERMAL ENERGY YIELD/CAPTURE (W.SEC/CAPT)
.3E+03 TEMP          ISOTOPE TEMPERATURE (DEGREES KELVIN)
.1E+03 SIGPOT        AVERAGE EFFECTIVE POTENTIAL SCATTERING IN RESONANCE RANGE (BARNS/ATOM)
.2E-02 ADENS         DENSITY OF ISOTOPE IN MIXTURE IN WHICH ISOTOPE CROSS SECTIONS WERE GENERATED (A/BARN-CM)
     0 KBR           ISOTOPE CLASSIFICATION (SEE DOCUMENTATION)
     0 ICHI          ISOTOPE FISSION SPECTRUM FLAG
     0 IFIS          (N,F) CROSS SECTION FLAG 
     1 IALF          (N,ALPHA) CROSS SECTION FLAG
     1 INP           (N,P) CROSS SECTION FLAG
     1 IN2N          (N,2N) CROSS SECTION FLAG
     0 IND           (N,D) CROSS SECTION FLAG
     1 INT           (N,T) CROSS SECTION FLAG
     2 LTOT          NUMBER OF MOMENTS OF TOTAL CROSS SECTION PROVIDED
     1 LTRN          NUMBER OF MOMENTS OF TRANSPORT CROSS SECTION
     0 ISTRPD        NUMBER OF COORDINATE DIRECTIONS ... (MUST .EQ. 0)

ISOTOPE  9
ISOTOPE CONTROL AND GROUP INDEPENDENT DATA   (4D RECORD)
PB2086   HABSID        HOLLERITH ABSOLUTE ISOTOPE LABEL
ENDF/B   HIDENT        IDENTIFIER OF LIBRARY FROM WHICH BASIC DATA CAME
8237     HMAT          ISOTOPE IDENTIFICATION
207.98 AMASS         GRAM ATOMIC WEIGHT
.0E+00 EFISS         TOTAL THERMAL ENERGY YIELD/FISSION (W.SEC/FISS)
.9E-12 ECAPT         TOTAL THERMAL ENERGY YIELD/CAPTURE (W.SEC/CAPT)
.3E+03 TEMP          ISOTOPE TEMPERATURE (DEGREES KELVIN)
.7E+02 SIGPOT        AVERAGE EFFECTIVE POTENTIAL SCATTERING IN RESONANCE RANGE (BARNS/ATOM)
.4E-02 ADENS         DENSITY OF ISOTOPE IN MIXTURE IN WHICH ISOTOPE CROSS SECTIONS WERE GENERATED (A/BARN-CM)
     0 KBR           ISOTOPE CLASSIFICATION (SEE DOCUMENTATION)
     0 ICHI          ISOTOPE FISSION SPECTRUM FLAG
     0 IFIS          (N,F) CROSS SECTION FLAG 
     1 IALF          (N,ALPHA) CROSS SECTION FLAG
     1 INP           (N,P) CROSS SECTION FLAG
     1 IN2N          (N,2N) CROSS SECTION FLAG
     1 IND           (N,D) CROSS SECTION FLAG
     1 INT           (N,T) CROSS SECTION FLAG
     2 LTOT          NUMBER OF MOMENTS OF TOTAL CROSS SECTION PROVIDED
     1 LTRN          NUMBER OF MOMENTS OF TRANSPORT CROSS SECTION
     0 ISTRPD        NUMBER OF COORDINATE DIRECTIONS ... (MUST .EQ. 0)

ISOTOPE 10
ISOTOPE CONTROL AND GROUP INDEPENDENT DATA   (4D RECORD)
BI2096   HABSID        HOLLERITH ABSOLUTE ISOTOPE LABEL
ENDF/B   HIDENT        IDENTIFIER OF LIBRARY FROM WHICH BASIC DATA CAME
8325     HMAT          ISOTOPE IDENTIFICATION
208.98 AMASS         GRAM ATOMIC WEIGHT
.0E+00 EFISS         TOTAL THERMAL ENERGY YIELD/FISSION (W.SEC/FISS)
.0E+00 ECAPT         TOTAL THERMAL ENERGY YIELD/CAPTURE (W.SEC/CAPT)
.3E+03 TEMP          ISOTOPE TEMPERATURE (DEGREES KELVIN)
.3E+02 SIGPOT        AVERAGE EFFECTIVE POTENTIAL SCATTERING IN RESONANCE RANGE (BARNS/ATOM)
.1E-01 ADENS         DENSITY OF ISOTOPE IN MIXTURE IN WHICH ISOTOPE CROSS SECTIONS WERE GENERATED (A/BARN-CM)
     0 KBR           ISOTOPE CLASSIFICATION (SEE DOCUMENTATION)
     0 ICHI          ISOTOPE FISSION SPECTRUM FLAG
     0 IFIS          (N,F) CROSS SECTION FLAG 
     1 IALF          (N,ALPHA) CROSS SECTION FLAG
     1 INP           (N,P) CROSS SECTION FLAG
     1 IN2N          (N,2N) CROSS SECTION FLAG
     1 IND           (N,D) CROSS SECTION FLAG
     1 INT           (N,T) CROSS SECTION FLAG
     2 LTOT          NUMBER OF MOMENTS OF TOTAL CROSS SECTION PROVIDED
     1 LTRN          NUMBER OF MOMENTS OF TRANSPORT CROSS SECTION
     0 ISTRPD        NUMBER OF COORDINATE DIRECTIONS ... (MUST .EQ. 0)

ISOTOPE 11
ISOTOPE CONTROL AND GROUP INDEPENDENT DATA   (4D RECORD)
TI   6   HABSID        HOLLERITH ABSOLUTE ISOTOPE LABEL
ENDF/B   HIDENT        IDENTIFIER OF LIBRARY FROM WHICH BASIC DATA CAME
2200     HMAT          ISOTOPE IDENTIFICATION
 47.88 AMASS         GRAM ATOMIC WEIGHT
.0E+00 EFISS         TOTAL THERMAL ENERGY YIELD/FISSION (W.SEC/FISS)
.1E-11 ECAPT         TOTAL THERMAL ENERGY YIELD/CAPTURE (W.SEC/CAPT)
.3E+03 TEMP          ISOTOPE TEMPERATURE (DEGREES KELVIN)
.2E+05 SIGPOT        AVERAGE EFFECTIVE POTENTIAL SCATTERING IN RESONANCE RANGE (BARNS/ATOM)
.1E-04 ADENS         DENSITY OF ISOTOPE IN MIXTURE IN WHICH ISOTOPE CROSS SECTIONS WERE GENERATED (A/BARN-CM)
     0 KBR           ISOTOPE CLASSIFICATION (SEE DOCUMENTATION)
     0 ICHI          ISOTOPE FISSION SPECTRUM FLAG
     0 IFIS          (N,F) CROSS SECTION FLAG 
     1 IALF          (N,ALPHA) CROSS SECTION FLAG
     1 INP           (N,P) CROSS SECTION FLAG
     1 IN2N          (N,2N) CROSS SECTION FLAG
     1 IND           (N,D) CROSS SECTION FLAG
     1 INT           (N,T) CROSS SECTION FLAG
     2 LTOT          NUMBER OF MOMENTS OF TOTAL CROSS SECTION PROVIDED
     1 LTRN          NUMBER OF MOMENTS OF TRANSPORT CROSS SECTION
     0 ISTRPD        NUMBER OF COORDINATE DIRECTIONS ... (MUST .EQ. 0)

ISOTOPE 12
ISOTOPE CONTROL AND GROUP INDEPENDENT DATA   (4D RECORD)
PU2396   HABSID        HOLLERITH ABSOLUTE ISOTOPE LABEL
ENDF/B   HIDENT        IDENTIFIER OF LIBRARY FROM WHICH BASIC DATA CAME
9437     HMAT          ISOTOPE IDENTIFICATION
239.05 AMASS         GRAM ATOMIC WEIGHT
.3E-10 EFISS         TOTAL THERMAL ENERGY YIELD/FISSION (W.SEC/FISS)
.1E-11 ECAPT         TOTAL THERMAL ENERGY YIELD/CAPTURE (W.SEC/CAPT)
.3E+03 TEMP          ISOTOPE TEMPERATURE (DEGREES KELVIN)
.7E+03 SIGPOT        AVERAGE EFFECTIVE POTENTIAL SCATTERING IN RESONANCE RANGE (BARNS/ATOM)
.4E-03 ADENS         DENSITY OF ISOTOPE IN MIXTURE IN WHICH ISOTOPE CROSS SECTIONS WERE GENERATED (A/BARN-CM)
     0 KBR           ISOTOPE CLASSIFICATION (SEE DOCUMENTATION)
     1 ICHI          ISOTOPE FISSION SPECTRUM FLAG
     1 IFIS          (N,F) CROSS SECTION FLAG 
     0 IALF          (N,ALPHA) CROSS SECTION FLAG
     0 INP           (N,P) CROSS SECTION FLAG
     1 IN2N          (N,2N) CROSS SECTION FLAG
     0 IND           (N,D) CROSS SECTION FLAG
     0 INT           (N,T) CROSS SECTION FLAG
     2 LTOT          NUMBER OF MOMENTS OF TOTAL CROSS SECTION PROVIDED
     1 LTRN          NUMBER OF MOMENTS OF TRANSPORT CROSS SECTION
     0 ISTRPD        NUMBER OF COORDINATE DIRECTIONS ... (MUST .EQ. 0)

ISOTOPE 13
ISOTOPE CONTROL AND GROUP INDEPENDENT DATA   (4D RECORD)
PU2406   HABSID        HOLLERITH ABSOLUTE ISOTOPE LABEL
ENDF/B   HIDENT        IDENTIFIER OF LIBRARY FROM WHICH BASIC DATA CAME
9440     HMAT          ISOTOPE IDENTIFICATION
240.05 AMASS         GRAM ATOMIC WEIGHT
.3E-10 EFISS         TOTAL THERMAL ENERGY YIELD/FISSION (W.SEC/FISS)
.8E-12 ECAPT         TOTAL THERMAL ENERGY YIELD/CAPTURE (W.SEC/CAPT)
.3E+03 TEMP          ISOTOPE TEMPERATURE (DEGREES KELVIN)
.2E+04 SIGPOT        AVERAGE EFFECTIVE POTENTIAL SCATTERING IN RESONANCE RANGE (BARNS/ATOM)
.2E-03 ADENS         DENSITY OF ISOTOPE IN MIXTURE IN WHICH ISOTOPE CROSS SECTIONS WERE GENERATED (A/BARN-CM)
     0 KBR           ISOTOPE CLASSIFICATION (SEE DOCUMENTATION)
     1 ICHI          ISOTOPE FISSION SPECTRUM FLAG
     1 IFIS          (N,F) CROSS SECTION FLAG 
     0 IALF          (N,ALPHA) CROSS SECTION FLAG
     0 INP           (N,P) CROSS SECTION FLAG
     1 IN2N          (N,2N) CROSS SECTION FLAG
     0 IND           (N,D) CROSS SECTION FLAG
     0 INT           (N,T) CROSS SECTION FLAG
     2 LTOT          NUMBER OF MOMENTS OF TOTAL CROSS SECTION PROVIDED
     1 LTRN          NUMBER OF MOMENTS OF TRANSPORT CROSS SECTION
     0 ISTRPD        NUMBER OF COORDINATE DIRECTIONS ... (MUST .EQ. 0)

ISOTOPE 14
ISOTOPE CONTROL AND GROUP INDEPENDENT DATA   (4D RECORD)
PU2416   HABSID        HOLLERITH ABSOLUTE ISOTOPE LABEL
ENDF/B   HIDENT        IDENTIFIER OF LIBRARY FROM WHICH BASIC DATA CAME
9443     HMAT          ISOTOPE IDENTIFICATION
241.05 AMASS         GRAM ATOMIC WEIGHT
.3E-10 EFISS         TOTAL THERMAL ENERGY YIELD/FISSION (W.SEC/FISS)
.1E-11 ECAPT         TOTAL THERMAL ENERGY YIELD/CAPTURE (W.SEC/CAPT)
.3E+03 TEMP          ISOTOPE TEMPERATURE (DEGREES KELVIN)
.5E+04 SIGPOT        AVERAGE EFFECTIVE POTENTIAL SCATTERING IN RESONANCE RANGE (BARNS/ATOM)
.6E-04 ADENS         DENSITY OF ISOTOPE IN MIXTURE IN WHICH ISOTOPE CROSS SECTIONS WERE GENERATED (A/BARN-CM)
     0 KBR           ISOTOPE CLASSIFICATION (SEE DOCUMENTATION)
     1 ICHI          ISOTOPE FISSION SPECTRUM FLAG
     1 IFIS          (N,F) CROSS SECTION FLAG 
     0 IALF          (N,ALPHA) CROSS SECTION FLAG
     0 INP           (N,P) CROSS SECTION FLAG
     1 IN2N          (N,2N) CROSS SECTION FLAG
     0 IND           (N,D) CROSS SECTION FLAG
     0 INT           (N,T) CROSS SECTION FLAG
     2 LTOT          NUMBER OF MOMENTS OF TOTAL CROSS SECTION PROVIDED
     1 LTRN          NUMBER OF MOMENTS OF TRANSPORT CROSS SECTION
     0 ISTRPD        NUMBER OF COORDINATE DIRECTIONS ... (MUST .EQ. 0)

ISOTOPE 15
ISOTOPE CONTROL AND GROUP INDEPENDENT DATA   (4D RECORD)
PU2426   HABSID        HOLLERITH ABSOLUTE ISOTOPE LABEL
ENDF/B   HIDENT        IDENTIFIER OF LIBRARY FROM WHICH BASIC DATA CAME
9446     HMAT          ISOTOPE IDENTIFICATION
242.06 AMASS         GRAM ATOMIC WEIGHT
.3E-10 EFISS         TOTAL THERMAL ENERGY YIELD/FISSION (W.SEC/FISS)
.8E-12 ECAPT         TOTAL THERMAL ENERGY YIELD/CAPTURE (W.SEC/CAPT)
.3E+03 TEMP          ISOTOPE TEMPERATURE (DEGREES KELVIN)
.8E+04 SIGPOT        AVERAGE EFFECTIVE POTENTIAL SCATTERING IN RESONANCE RANGE (BARNS/ATOM)
.4E-04 ADENS         DENSITY OF ISOTOPE IN MIXTURE IN WHICH ISOTOPE CROSS SECTIONS WERE GENERATED (A/BARN-CM)
     0 KBR           ISOTOPE CLASSIFICATION (SEE DOCUMENTATION)
     1 ICHI          ISOTOPE FISSION SPECTRUM FLAG
     1 IFIS          (N,F) CROSS SECTION FLAG 
     0 IALF          (N,ALPHA) CROSS SECTION FLAG
     0 INP           (N,P) CROSS SECTION FLAG
     1 IN2N          (N,2N) CROSS SECTION FLAG
     0 IND           (N,D) CROSS SECTION FLAG
     0 INT           (N,T) CROSS SECTION FLAG
     2 LTOT          NUMBER OF MOMENTS OF TOTAL CROSS SECTION PROVIDED
     1 LTRN          NUMBER OF MOMENTS OF TRANSPORT CROSS SECTION
     0 ISTRPD        NUMBER OF COORDINATE DIRECTIONS ... (MUST .EQ. 0)

ISOTOPE 16
ISOTOPE CONTROL AND GROUP INDEPENDENT DATA   (4D RECORD)
U-2386   HABSID        HOLLERITH ABSOLUTE ISOTOPE LABEL
ENDF/B   HIDENT        IDENTIFIER OF LIBRARY FROM WHICH BASIC DATA CAME
9237     HMAT          ISOTOPE IDENTIFICATION
238.05 AMASS         GRAM ATOMIC WEIGHT
.3E-10 EFISS         TOTAL THERMAL ENERGY YIELD/FISSION (W.SEC/FISS)
.9E-12 ECAPT         TOTAL THERMAL ENERGY YIELD/CAPTURE (W.SEC/CAPT)
.3E+03 TEMP          ISOTOPE TEMPERATURE (DEGREES KELVIN)
.1E+04 SIGPOT        AVERAGE EFFECTIVE POTENTIAL SCATTERING IN RESONANCE RANGE (BARNS/ATOM)
.2E-03 ADENS         DENSITY OF ISOTOPE IN MIXTURE IN WHICH ISOTOPE CROSS SECTIONS WERE GENERATED (A/BARN-CM)
     0 KBR           ISOTOPE CLASSIFICATION (SEE DOCUMENTATION)
     1 ICHI          ISOTOPE FISSION SPECTRUM FLAG
     1 IFIS          (N,F) CROSS SECTION FLAG 
     0 IALF          (N,ALPHA) CROSS SECTION FLAG
     0 INP           (N,P) CROSS SECTION FLAG
     1 IN2N          (N,2N) CROSS SECTION FLAG
     0 IND           (N,D) CROSS SECTION FLAG
     0 INT           (N,T) CROSS SECTION FLAG
     2 LTOT          NUMBER OF MOMENTS OF TOTAL CROSS SECTION PROVIDED
     1 LTRN          NUMBER OF MOMENTS OF TRANSPORT CROSS SECTION
     0 ISTRPD        NUMBER OF COORDINATE DIRECTIONS ... (MUST .EQ. 0)

ISOTOPE 17
ISOTOPE CONTROL AND GROUP INDEPENDENT DATA   (4D RECORD)
U-2346   HABSID        HOLLERITH ABSOLUTE ISOTOPE LABEL
ENDF/B   HIDENT        IDENTIFIER OF LIBRARY FROM WHICH BASIC DATA CAME
9225     HMAT          ISOTOPE IDENTIFICATION
234.04 AMASS         GRAM ATOMIC WEIGHT
.3E-10 EFISS         TOTAL THERMAL ENERGY YIELD/FISSION (W.SEC/FISS)
.2E-11 ECAPT         TOTAL THERMAL ENERGY YIELD/CAPTURE (W.SEC/CAPT)
.3E+03 TEMP          ISOTOPE TEMPERATURE (DEGREES KELVIN)
.3E+08 SIGPOT        AVERAGE EFFECTIVE POTENTIAL SCATTERING IN RESONANCE RANGE (BARNS/ATOM)
.1E-07 ADENS         DENSITY OF ISOTOPE IN MIXTURE IN WHICH ISOTOPE CROSS SECTIONS WERE GENERATED (A/BARN-CM)
     0 KBR           ISOTOPE CLASSIFICATION (SEE DOCUMENTATION)
     1 ICHI          ISOTOPE FISSION SPECTRUM FLAG
     1 IFIS          (N,F) CROSS SECTION FLAG 
     0 IALF          (N,ALPHA) CROSS SECTION FLAG
     0 INP           (N,P) CROSS SECTION FLAG
     1 IN2N          (N,2N) CROSS SECTION FLAG
     0 IND           (N,D) CROSS SECTION FLAG
     0 INT           (N,T) CROSS SECTION FLAG
     2 LTOT          NUMBER OF MOMENTS OF TOTAL CROSS SECTION PROVIDED
     1 LTRN          NUMBER OF MOMENTS OF TRANSPORT CROSS SECTION
     0 ISTRPD        NUMBER OF COORDINATE DIRECTIONS ... (MUST .EQ. 0)

ISOTOPE 18
ISOTOPE CONTROL AND GROUP INDEPENDENT DATA   (4D RECORD)
AM2416   HABSID        HOLLERITH ABSOLUTE ISOTOPE LABEL
ENDF/B   HIDENT        IDENTIFIER OF LIBRARY FROM WHICH BASIC DATA CAME
9543     HMAT          ISOTOPE IDENTIFICATION
241.06 AMASS         GRAM ATOMIC WEIGHT
.3E-10 EFISS         TOTAL THERMAL ENERGY YIELD/FISSION (W.SEC/FISS)
.1E-11 ECAPT         TOTAL THERMAL ENERGY YIELD/CAPTURE (W.SEC/CAPT)
.3E+03 TEMP          ISOTOPE TEMPERATURE (DEGREES KELVIN)
.7E+04 SIGPOT        AVERAGE EFFECTIVE POTENTIAL SCATTERING IN RESONANCE RANGE (BARNS/ATOM)
.4E-04 ADENS         DENSITY OF ISOTOPE IN MIXTURE IN WHICH ISOTOPE CROSS SECTIONS WERE GENERATED (A/BARN-CM)
     0 KBR           ISOTOPE CLASSIFICATION (SEE DOCUMENTATION)
     1 ICHI          ISOTOPE FISSION SPECTRUM FLAG
     1 IFIS          (N,F) CROSS SECTION FLAG 
     0 IALF          (N,ALPHA) CROSS SECTION FLAG
     0 INP           (N,P) CROSS SECTION FLAG
     1 IN2N          (N,2N) CROSS SECTION FLAG
     0 IND           (N,D) CROSS SECTION FLAG
     0 INT           (N,T) CROSS SECTION FLAG
     2 LTOT          NUMBER OF MOMENTS OF TOTAL CROSS SECTION PROVIDED
     1 LTRN          NUMBER OF MOMENTS OF TRANSPORT CROSS SECTION
     0 ISTRPD        NUMBER OF COORDINATE DIRECTIONS ... (MUST .EQ. 0)

ISOTOPE 19
ISOTOPE CONTROL AND GROUP INDEPENDENT DATA   (4D RECORD)
AM2436   HABSID        HOLLERITH ABSOLUTE ISOTOPE LABEL
ENDF/B   HIDENT        IDENTIFIER OF LIBRARY FROM WHICH BASIC DATA CAME
9549     HMAT          ISOTOPE IDENTIFICATION
243.06 AMASS         GRAM ATOMIC WEIGHT
.3E-10 EFISS         TOTAL THERMAL ENERGY YIELD/FISSION (W.SEC/FISS)
.1E-11 ECAPT         TOTAL THERMAL ENERGY YIELD/CAPTURE (W.SEC/CAPT)
.3E+03 TEMP          ISOTOPE TEMPERATURE (DEGREES KELVIN)
.4E+05 SIGPOT        AVERAGE EFFECTIVE POTENTIAL SCATTERING IN RESONANCE RANGE (BARNS/ATOM)
.7E-05 ADENS         DENSITY OF ISOTOPE IN MIXTURE IN WHICH ISOTOPE CROSS SECTIONS WERE GENERATED (A/BARN-CM)
     0 KBR           ISOTOPE CLASSIFICATION (SEE DOCUMENTATION)
     1 ICHI          ISOTOPE FISSION SPECTRUM FLAG
     1 IFIS          (N,F) CROSS SECTION FLAG 
     0 IALF          (N,ALPHA) CROSS SECTION FLAG
     0 INP           (N,P) CROSS SECTION FLAG
     1 IN2N          (N,2N) CROSS SECTION FLAG
     0 IND           (N,D) CROSS SECTION FLAG
     0 INT           (N,T) CROSS SECTION FLAG
     2 LTOT          NUMBER OF MOMENTS OF TOTAL CROSS SECTION PROVIDED
     1 LTRN          NUMBER OF MOMENTS OF TRANSPORT CROSS SECTION
     0 ISTRPD        NUMBER OF COORDINATE DIRECTIONS ... (MUST .EQ. 0)

ISOTOPE 20
ISOTOPE CONTROL AND GROUP INDEPENDENT DATA   (4D RECORD)
NP2376   HABSID        HOLLERITH ABSOLUTE ISOTOPE LABEL
ENDF/B   HIDENT        IDENTIFIER OF LIBRARY FROM WHICH BASIC DATA CAME
9346     HMAT          ISOTOPE IDENTIFICATION
237.05 AMASS         GRAM ATOMIC WEIGHT
.3E-10 EFISS         TOTAL THERMAL ENERGY YIELD/FISSION (W.SEC/FISS)
.1E-11 ECAPT         TOTAL THERMAL ENERGY YIELD/CAPTURE (W.SEC/CAPT)
.3E+03 TEMP          ISOTOPE TEMPERATURE (DEGREES KELVIN)
.8E+04 SIGPOT        AVERAGE EFFECTIVE POTENTIAL SCATTERING IN RESONANCE RANGE (BARNS/ATOM)
.4E-04 ADENS         DENSITY OF ISOTOPE IN MIXTURE IN WHICH ISOTOPE CROSS SECTIONS WERE GENERATED (A/BARN-CM)
     0 KBR           ISOTOPE CLASSIFICATION (SEE DOCUMENTATION)
     1 ICHI          ISOTOPE FISSION SPECTRUM FLAG
     1 IFIS          (N,F) CROSS SECTION FLAG 
     0 IALF          (N,ALPHA) CROSS SECTION FLAG
     0 INP           (N,P) CROSS SECTION FLAG
     1 IN2N          (N,2N) CROSS SECTION FLAG
     0 IND           (N,D) CROSS SECTION FLAG
     0 INT           (N,T) CROSS SECTION FLAG
     2 LTOT          NUMBER OF MOMENTS OF TOTAL CROSS SECTION PROVIDED
     1 LTRN          NUMBER OF MOMENTS OF TRANSPORT CROSS SECTION
     0 ISTRPD        NUMBER OF COORDINATE DIRECTIONS ... (MUST .EQ. 0)

ISOTOPE 21
ISOTOPE CONTROL AND GROUP INDEPENDENT DATA   (4D RECORD)
MO   6   HABSID        HOLLERITH ABSOLUTE ISOTOPE LABEL
ENDF/B   HIDENT        IDENTIFIER OF LIBRARY FROM WHICH BASIC DATA CAME
4200     HMAT          ISOTOPE IDENTIFICATION
 95.94 AMASS         GRAM ATOMIC WEIGHT
.0E+00 EFISS         TOTAL THERMAL ENERGY YIELD/FISSION (W.SEC/FISS)
.1E-11 ECAPT         TOTAL THERMAL ENERGY YIELD/CAPTURE (W.SEC/CAPT)
.3E+03 TEMP          ISOTOPE TEMPERATURE (DEGREES KELVIN)
.1E+04 SIGPOT        AVERAGE EFFECTIVE POTENTIAL SCATTERING IN RESONANCE RANGE (BARNS/ATOM)
.2E-03 ADENS         DENSITY OF ISOTOPE IN MIXTURE IN WHICH ISOTOPE CROSS SECTIONS WERE GENERATED (A/BARN-CM)
     0 KBR           ISOTOPE CLASSIFICATION (SEE DOCUMENTATION)
     0 ICHI          ISOTOPE FISSION SPECTRUM FLAG
     0 IFIS          (N,F) CROSS SECTION FLAG 
     0 IALF          (N,ALPHA) CROSS SECTION FLAG
     0 INP           (N,P) CROSS SECTION FLAG
     1 IN2N          (N,2N) CROSS SECTION FLAG
     0 IND           (N,D) CROSS SECTION FLAG
     0 INT           (N,T) CROSS SECTION FLAG
     2 LTOT          NUMBER OF MOMENTS OF TOTAL CROSS SECTION PROVIDED
     1 LTRN          NUMBER OF MOMENTS OF TRANSPORT CROSS SECTION
     0 ISTRPD        NUMBER OF COORDINATE DIRECTIONS ... (MUST .EQ. 0)

ISOTOPE 22
ISOTOPE CONTROL AND GROUP INDEPENDENT DATA   (4D RECORD)
U-2366   HABSID        HOLLERITH ABSOLUTE ISOTOPE LABEL
ENDF/B   HIDENT        IDENTIFIER OF LIBRARY FROM WHICH BASIC DATA CAME
9231     HMAT          ISOTOPE IDENTIFICATION
236.05 AMASS         GRAM ATOMIC WEIGHT
.3E-10 EFISS         TOTAL THERMAL ENERGY YIELD/FISSION (W.SEC/FISS)
.9E-12 ECAPT         TOTAL THERMAL ENERGY YIELD/CAPTURE (W.SEC/CAPT)
.3E+03 TEMP          ISOTOPE TEMPERATURE (DEGREES KELVIN)
.3E+08 SIGPOT        AVERAGE EFFECTIVE POTENTIAL SCATTERING IN RESONANCE RANGE (BARNS/ATOM)
.1E-07 ADENS         DENSITY OF ISOTOPE IN MIXTURE IN WHICH ISOTOPE CROSS SECTIONS WERE GENERATED (A/BARN-CM)
     0 KBR           ISOTOPE CLASSIFICATION (SEE DOCUMENTATION)
     1 ICHI          ISOTOPE FISSION SPECTRUM FLAG
     1 IFIS          (N,F) CROSS SECTION FLAG 
     0 IALF          (N,ALPHA) CROSS SECTION FLAG
     0 INP           (N,P) CROSS SECTION FLAG
     1 IN2N          (N,2N) CROSS SECTION FLAG
     0 IND           (N,D) CROSS SECTION FLAG
     0 INT           (N,T) CROSS SECTION FLAG
     2 LTOT          NUMBER OF MOMENTS OF TOTAL CROSS SECTION PROVIDED
     1 LTRN          NUMBER OF MOMENTS OF TRANSPORT CROSS SECTION
     0 ISTRPD        NUMBER OF COORDINATE DIRECTIONS ... (MUST .EQ. 0)

ISOTOPE 23
ISOTOPE CONTROL AND GROUP INDEPENDENT DATA   (4D RECORD)
PU2386   HABSID        HOLLERITH ABSOLUTE ISOTOPE LABEL
ENDF/B   HIDENT        IDENTIFIER OF LIBRARY FROM WHICH BASIC DATA CAME
9434     HMAT          ISOTOPE IDENTIFICATION
238.05 AMASS         GRAM ATOMIC WEIGHT
.3E-10 EFISS         TOTAL THERMAL ENERGY YIELD/FISSION (W.SEC/FISS)
.2E-11 ECAPT         TOTAL THERMAL ENERGY YIELD/CAPTURE (W.SEC/CAPT)
.3E+03 TEMP          ISOTOPE TEMPERATURE (DEGREES KELVIN)
.3E+05 SIGPOT        AVERAGE EFFECTIVE POTENTIAL SCATTERING IN RESONANCE RANGE (BARNS/ATOM)
.1E-04 ADENS         DENSITY OF ISOTOPE IN MIXTURE IN WHICH ISOTOPE CROSS SECTIONS WERE GENERATED (A/BARN-CM)
     0 KBR           ISOTOPE CLASSIFICATION (SEE DOCUMENTATION)
     1 ICHI          ISOTOPE FISSION SPECTRUM FLAG
     1 IFIS          (N,F) CROSS SECTION FLAG 
     0 IALF          (N,ALPHA) CROSS SECTION FLAG
     0 INP           (N,P) CROSS SECTION FLAG
     1 IN2N          (N,2N) CROSS SECTION FLAG
     0 IND           (N,D) CROSS SECTION FLAG
     0 INT           (N,T) CROSS SECTION FLAG
     2 LTOT          NUMBER OF MOMENTS OF TOTAL CROSS SECTION PROVIDED
     1 LTRN          NUMBER OF MOMENTS OF TRANSPORT CROSS SECTION
     0 ISTRPD        NUMBER OF COORDINATE DIRECTIONS ... (MUST .EQ. 0)

ISOTOPE 24
ISOTOPE CONTROL AND GROUP INDEPENDENT DATA   (4D RECORD)
NI58 6   HABSID        HOLLERITH ABSOLUTE ISOTOPE LABEL
ENDF/B   HIDENT        IDENTIFIER OF LIBRARY FROM WHICH BASIC DATA CAME
2825     HMAT          ISOTOPE IDENTIFICATION
 57.94 AMASS         GRAM ATOMIC WEIGHT
.0E+00 EFISS         TOTAL THERMAL ENERGY YIELD/FISSION (W.SEC/FISS)
.1E-11 ECAPT         TOTAL THERMAL ENERGY YIELD/CAPTURE (W.SEC/CAPT)
.3E+03 TEMP          ISOTOPE TEMPERATURE (DEGREES KELVIN)
.2E+03 SIGPOT        AVERAGE EFFECTIVE POTENTIAL SCATTERING IN RESONANCE RANGE (BARNS/ATOM)
.1E-02 ADENS         DENSITY OF ISOTOPE IN MIXTURE IN WHICH ISOTOPE CROSS SECTIONS WERE GENERATED (A/BARN-CM)
     0 KBR           ISOTOPE CLASSIFICATION (SEE DOCUMENTATION)
     0 ICHI          ISOTOPE FISSION SPECTRUM FLAG
     0 IFIS          (N,F) CROSS SECTION FLAG 
     1 IALF          (N,ALPHA) CROSS SECTION FLAG
     1 INP           (N,P) CROSS SECTION FLAG
     1 IN2N          (N,2N) CROSS SECTION FLAG
     1 IND           (N,D) CROSS SECTION FLAG
     0 INT           (N,T) CROSS SECTION FLAG
     2 LTOT          NUMBER OF MOMENTS OF TOTAL CROSS SECTION PROVIDED
     1 LTRN          NUMBER OF MOMENTS OF TRANSPORT CROSS SECTION
     0 ISTRPD        NUMBER OF COORDINATE DIRECTIONS ... (MUST .EQ. 0)

ISOTOPE 25
ISOTOPE CONTROL AND GROUP INDEPENDENT DATA   (4D RECORD)
CR52 6   HABSID        HOLLERITH ABSOLUTE ISOTOPE LABEL
ENDF/B   HIDENT        IDENTIFIER OF LIBRARY FROM WHICH BASIC DATA CAME
2431     HMAT          ISOTOPE IDENTIFICATION
 51.94 AMASS         GRAM ATOMIC WEIGHT
.0E+00 EFISS         TOTAL THERMAL ENERGY YIELD/FISSION (W.SEC/FISS)
.1E-11 ECAPT         TOTAL THERMAL ENERGY YIELD/CAPTURE (W.SEC/CAPT)
.3E+03 TEMP          ISOTOPE TEMPERATURE (DEGREES KELVIN)
.2E+03 SIGPOT        AVERAGE EFFECTIVE POTENTIAL SCATTERING IN RESONANCE RANGE (BARNS/ATOM)
.2E-02 ADENS         DENSITY OF ISOTOPE IN MIXTURE IN WHICH ISOTOPE CROSS SECTIONS WERE GENERATED (A/BARN-CM)
     0 KBR           ISOTOPE CLASSIFICATION (SEE DOCUMENTATION)
     0 ICHI          ISOTOPE FISSION SPECTRUM FLAG
     0 IFIS          (N,F) CROSS SECTION FLAG 
     1 IALF          (N,ALPHA) CROSS SECTION FLAG
     1 INP           (N,P) CROSS SECTION FLAG
     1 IN2N          (N,2N) CROSS SECTION FLAG
     0 IND           (N,D) CROSS SECTION FLAG
     0 INT           (N,T) CROSS SECTION FLAG
     2 LTOT          NUMBER OF MOMENTS OF TOTAL CROSS SECTION PROVIDED
     1 LTRN          NUMBER OF MOMENTS OF TRANSPORT CROSS SECTION
     0 ISTRPD        NUMBER OF COORDINATE DIRECTIONS ... (MUST .EQ. 0)

ISOTOPE 26
ISOTOPE CONTROL AND GROUP INDEPENDENT DATA   (4D RECORD)
FE56 6   HABSID        HOLLERITH ABSOLUTE ISOTOPE LABEL
ENDF/B   HIDENT        IDENTIFIER OF LIBRARY FROM WHICH BASIC DATA CAME
2631     HMAT          ISOTOPE IDENTIFICATION
 55.93 AMASS         GRAM ATOMIC WEIGHT
.0E+00 EFISS         TOTAL THERMAL ENERGY YIELD/FISSION (W.SEC/FISS)
.9E-12 ECAPT         TOTAL THERMAL ENERGY YIELD/CAPTURE (W.SEC/CAPT)
.3E+03 TEMP          ISOTOPE TEMPERATURE (DEGREES KELVIN)
.4E+02 SIGPOT        AVERAGE EFFECTIVE POTENTIAL SCATTERING IN RESONANCE RANGE (BARNS/ATOM)
.8E-02 ADENS         DENSITY OF ISOTOPE IN MIXTURE IN WHICH ISOTOPE CROSS SECTIONS WERE GENERATED (A/BARN-CM)
     0 KBR           ISOTOPE CLASSIFICATION (SEE DOCUMENTATION)
     0 ICHI          ISOTOPE FISSION SPECTRUM FLAG
     0 IFIS          (N,F) CROSS SECTION FLAG 
     1 IALF          (N,ALPHA) CROSS SECTION FLAG
     1 INP           (N,P) CROSS SECTION FLAG
     1 IN2N          (N,2N) CROSS SECTION FLAG
     1 IND           (N,D) CROSS SECTION FLAG
     1 INT           (N,T) CROSS SECTION FLAG
     2 LTOT          NUMBER OF MOMENTS OF TOTAL CROSS SECTION PROVIDED
     1 LTRN          NUMBER OF MOMENTS OF TRANSPORT CROSS SECTION
     0 ISTRPD        NUMBER OF COORDINATE DIRECTIONS ... (MUST .EQ. 0)

ISOTOPE 27
ISOTOPE CONTROL AND GROUP INDEPENDENT DATA   (4D RECORD)
FE54 6   HABSID        HOLLERITH ABSOLUTE ISOTOPE LABEL
ENDF/B   HIDENT        IDENTIFIER OF LIBRARY FROM WHICH BASIC DATA CAME
2625     HMAT          ISOTOPE IDENTIFICATION
 53.94 AMASS         GRAM ATOMIC WEIGHT
.0E+00 EFISS         TOTAL THERMAL ENERGY YIELD/FISSION (W.SEC/FISS)
.9E-12 ECAPT         TOTAL THERMAL ENERGY YIELD/CAPTURE (W.SEC/CAPT)
.3E+03 TEMP          ISOTOPE TEMPERATURE (DEGREES KELVIN)
.6E+03 SIGPOT        AVERAGE EFFECTIVE POTENTIAL SCATTERING IN RESONANCE RANGE (BARNS/ATOM)
.5E-03 ADENS         DENSITY OF ISOTOPE IN MIXTURE IN WHICH ISOTOPE CROSS SECTIONS WERE GENERATED (A/BARN-CM)
     0 KBR           ISOTOPE CLASSIFICATION (SEE DOCUMENTATION)
     0 ICHI          ISOTOPE FISSION SPECTRUM FLAG
     0 IFIS          (N,F) CROSS SECTION FLAG 
     1 IALF          (N,ALPHA) CROSS SECTION FLAG
     1 INP           (N,P) CROSS SECTION FLAG
     1 IN2N          (N,2N) CROSS SECTION FLAG
     1 IND           (N,D) CROSS SECTION FLAG
     0 INT           (N,T) CROSS SECTION FLAG
     2 LTOT          NUMBER OF MOMENTS OF TOTAL CROSS SECTION PROVIDED
     1 LTRN          NUMBER OF MOMENTS OF TRANSPORT CROSS SECTION
     0 ISTRPD        NUMBER OF COORDINATE DIRECTIONS ... (MUST .EQ. 0)

ISOTOPE 28
ISOTOPE CONTROL AND GROUP INDEPENDENT DATA   (4D RECORD)
FE57 6   HABSID        HOLLERITH ABSOLUTE ISOTOPE LABEL
ENDF/B   HIDENT        IDENTIFIER OF LIBRARY FROM WHICH BASIC DATA CAME
2634     HMAT          ISOTOPE IDENTIFICATION
 56.94 AMASS         GRAM ATOMIC WEIGHT
.0E+00 EFISS         TOTAL THERMAL ENERGY YIELD/FISSION (W.SEC/FISS)
.9E-12 ECAPT         TOTAL THERMAL ENERGY YIELD/CAPTURE (W.SEC/CAPT)
.3E+03 TEMP          ISOTOPE TEMPERATURE (DEGREES KELVIN)
.2E+04 SIGPOT        AVERAGE EFFECTIVE POTENTIAL SCATTERING IN RESONANCE RANGE (BARNS/ATOM)
.2E-03 ADENS         DENSITY OF ISOTOPE IN MIXTURE IN WHICH ISOTOPE CROSS SECTIONS WERE GENERATED (A/BARN-CM)
     0 KBR           ISOTOPE CLASSIFICATION (SEE DOCUMENTATION)
     0 ICHI          ISOTOPE FISSION SPECTRUM FLAG
     0 IFIS          (N,F) CROSS SECTION FLAG 
     1 IALF          (N,ALPHA) CROSS SECTION FLAG
     1 INP           (N,P) CROSS SECTION FLAG
     1 IN2N          (N,2N) CROSS SECTION FLAG
     0 IND           (N,D) CROSS SECTION FLAG
     0 INT           (N,T) CROSS SECTION FLAG
     2 LTOT          NUMBER OF MOMENTS OF TOTAL CROSS SECTION PROVIDED
     1 LTRN          NUMBER OF MOMENTS OF TRANSPORT CROSS SECTION
     0 ISTRPD        NUMBER OF COORDINATE DIRECTIONS ... (MUST .EQ. 0)

ISOTOPE 29
ISOTOPE CONTROL AND GROUP INDEPENDENT DATA   (4D RECORD)
FE58 6   HABSID        HOLLERITH ABSOLUTE ISOTOPE LABEL
ENDF/B   HIDENT        IDENTIFIER OF LIBRARY FROM WHICH BASIC DATA CAME
2637     HMAT          ISOTOPE IDENTIFICATION
 57.93 AMASS         GRAM ATOMIC WEIGHT
.0E+00 EFISS         TOTAL THERMAL ENERGY YIELD/FISSION (W.SEC/FISS)
.9E-12 ECAPT         TOTAL THERMAL ENERGY YIELD/CAPTURE (W.SEC/CAPT)
.3E+03 TEMP          ISOTOPE TEMPERATURE (DEGREES KELVIN)
.1E+05 SIGPOT        AVERAGE EFFECTIVE POTENTIAL SCATTERING IN RESONANCE RANGE (BARNS/ATOM)
.2E-04 ADENS         DENSITY OF ISOTOPE IN MIXTURE IN WHICH ISOTOPE CROSS SECTIONS WERE GENERATED (A/BARN-CM)
     0 KBR           ISOTOPE CLASSIFICATION (SEE DOCUMENTATION)
     0 ICHI          ISOTOPE FISSION SPECTRUM FLAG
     0 IFIS          (N,F) CROSS SECTION FLAG 
     1 IALF          (N,ALPHA) CROSS SECTION FLAG
     1 INP           (N,P) CROSS SECTION FLAG
     1 IN2N          (N,2N) CROSS SECTION FLAG
     0 IND           (N,D) CROSS SECTION FLAG
     0 INT           (N,T) CROSS SECTION FLAG
     2 LTOT          NUMBER OF MOMENTS OF TOTAL CROSS SECTION PROVIDED
     1 LTRN          NUMBER OF MOMENTS OF TRANSPORT CROSS SECTION
     0 ISTRPD        NUMBER OF COORDINATE DIRECTIONS ... (MUST .EQ. 0)

ISOTOPE 30
ISOTOPE CONTROL AND GROUP INDEPENDENT DATA   (4D RECORD)
CR50 6   HABSID        HOLLERITH ABSOLUTE ISOTOPE LABEL
ENDF/B   HIDENT        IDENTIFIER OF LIBRARY FROM WHICH BASIC DATA CAME
2425     HMAT          ISOTOPE IDENTIFICATION
 49.95 AMASS         GRAM ATOMIC WEIGHT
.0E+00 EFISS         TOTAL THERMAL ENERGY YIELD/FISSION (W.SEC/FISS)
.1E-11 ECAPT         TOTAL THERMAL ENERGY YIELD/CAPTURE (W.SEC/CAPT)
.3E+03 TEMP          ISOTOPE TEMPERATURE (DEGREES KELVIN)
.3E+04 SIGPOT        AVERAGE EFFECTIVE POTENTIAL SCATTERING IN RESONANCE RANGE (BARNS/ATOM)
.9E-04 ADENS         DENSITY OF ISOTOPE IN MIXTURE IN WHICH ISOTOPE CROSS SECTIONS WERE GENERATED (A/BARN-CM)
     0 KBR           ISOTOPE CLASSIFICATION (SEE DOCUMENTATION)
     0 ICHI          ISOTOPE FISSION SPECTRUM FLAG
     0 IFIS          (N,F) CROSS SECTION FLAG 
     1 IALF          (N,ALPHA) CROSS SECTION FLAG
     1 INP           (N,P) CROSS SECTION FLAG
     1 IN2N          (N,2N) CROSS SECTION FLAG
     1 IND           (N,D) CROSS SECTION FLAG
     0 INT           (N,T) CROSS SECTION FLAG
     2 LTOT          NUMBER OF MOMENTS OF TOTAL CROSS SECTION PROVIDED
     1 LTRN          NUMBER OF MOMENTS OF TRANSPORT CROSS SECTION
     0 ISTRPD        NUMBER OF COORDINATE DIRECTIONS ... (MUST .EQ. 0)

ISOTOPE 31
ISOTOPE CONTROL AND GROUP INDEPENDENT DATA   (4D RECORD)
CR53 6   HABSID        HOLLERITH ABSOLUTE ISOTOPE LABEL
ENDF/B   HIDENT        IDENTIFIER OF LIBRARY FROM WHICH BASIC DATA CAME
2434     HMAT          ISOTOPE IDENTIFICATION
 52.94 AMASS         GRAM ATOMIC WEIGHT
.0E+00 EFISS         TOTAL THERMAL ENERGY YIELD/FISSION (W.SEC/FISS)
.1E-11 ECAPT         TOTAL THERMAL ENERGY YIELD/CAPTURE (W.SEC/CAPT)
.3E+03 TEMP          ISOTOPE TEMPERATURE (DEGREES KELVIN)
.1E+04 SIGPOT        AVERAGE EFFECTIVE POTENTIAL SCATTERING IN RESONANCE RANGE (BARNS/ATOM)
.2E-03 ADENS         DENSITY OF ISOTOPE IN MIXTURE IN WHICH ISOTOPE CROSS SECTIONS WERE GENERATED (A/BARN-CM)
     0 KBR           ISOTOPE CLASSIFICATION (SEE DOCUMENTATION)
     0 ICHI          ISOTOPE FISSION SPECTRUM FLAG
     0 IFIS          (N,F) CROSS SECTION FLAG 
     1 IALF          (N,ALPHA) CROSS SECTION FLAG
     1 INP           (N,P) CROSS SECTION FLAG
     1 IN2N          (N,2N) CROSS SECTION FLAG
     0 IND           (N,D) CROSS SECTION FLAG
     0 INT           (N,T) CROSS SECTION FLAG
     2 LTOT          NUMBER OF MOMENTS OF TOTAL CROSS SECTION PROVIDED
     1 LTRN          NUMBER OF MOMENTS OF TRANSPORT CROSS SECTION
     0 ISTRPD        NUMBER OF COORDINATE DIRECTIONS ... (MUST .EQ. 0)

ISOTOPE 32
ISOTOPE CONTROL AND GROUP INDEPENDENT DATA   (4D RECORD)
CR54 6   HABSID        HOLLERITH ABSOLUTE ISOTOPE LABEL
ENDF/B   HIDENT        IDENTIFIER OF LIBRARY FROM WHICH BASIC DATA CAME
2437     HMAT          ISOTOPE IDENTIFICATION
 53.94 AMASS         GRAM ATOMIC WEIGHT
.0E+00 EFISS         TOTAL THERMAL ENERGY YIELD/FISSION (W.SEC/FISS)
.1E-11 ECAPT         TOTAL THERMAL ENERGY YIELD/CAPTURE (W.SEC/CAPT)
.3E+03 TEMP          ISOTOPE TEMPERATURE (DEGREES KELVIN)
.6E+04 SIGPOT        AVERAGE EFFECTIVE POTENTIAL SCATTERING IN RESONANCE RANGE (BARNS/ATOM)
.5E-04 ADENS         DENSITY OF ISOTOPE IN MIXTURE IN WHICH ISOTOPE CROSS SECTIONS WERE GENERATED (A/BARN-CM)
     0 KBR           ISOTOPE CLASSIFICATION (SEE DOCUMENTATION)
     0 ICHI          ISOTOPE FISSION SPECTRUM FLAG
     0 IFIS          (N,F) CROSS SECTION FLAG 
     1 IALF          (N,ALPHA) CROSS SECTION FLAG
     1 INP           (N,P) CROSS SECTION FLAG
     1 IN2N          (N,2N) CROSS SECTION FLAG
     0 IND           (N,D) CROSS SECTION FLAG
     0 INT           (N,T) CROSS SECTION FLAG
     2 LTOT          NUMBER OF MOMENTS OF TOTAL CROSS SECTION PROVIDED
     1 LTRN          NUMBER OF MOMENTS OF TRANSPORT CROSS SECTION
     0 ISTRPD        NUMBER OF COORDINATE DIRECTIONS ... (MUST .EQ. 0)

ISOTOPE 33
ISOTOPE CONTROL AND GROUP INDEPENDENT DATA   (4D RECORD)
NI60 6   HABSID        HOLLERITH ABSOLUTE ISOTOPE LABEL
ENDF/B   HIDENT        IDENTIFIER OF LIBRARY FROM WHICH BASIC DATA CAME
2831     HMAT          ISOTOPE IDENTIFICATION
 59.93 AMASS         GRAM ATOMIC WEIGHT
.0E+00 EFISS         TOTAL THERMAL ENERGY YIELD/FISSION (W.SEC/FISS)
.1E-11 ECAPT         TOTAL THERMAL ENERGY YIELD/CAPTURE (W.SEC/CAPT)
.3E+03 TEMP          ISOTOPE TEMPERATURE (DEGREES KELVIN)
.6E+03 SIGPOT        AVERAGE EFFECTIVE POTENTIAL SCATTERING IN RESONANCE RANGE (BARNS/ATOM)
.5E-03 ADENS         DENSITY OF ISOTOPE IN MIXTURE IN WHICH ISOTOPE CROSS SECTIONS WERE GENERATED (A/BARN-CM)
     0 KBR           ISOTOPE CLASSIFICATION (SEE DOCUMENTATION)
     0 ICHI          ISOTOPE FISSION SPECTRUM FLAG
     0 IFIS          (N,F) CROSS SECTION FLAG 
     1 IALF          (N,ALPHA) CROSS SECTION FLAG
     1 INP           (N,P) CROSS SECTION FLAG
     1 IN2N          (N,2N) CROSS SECTION FLAG
     1 IND           (N,D) CROSS SECTION FLAG
     0 INT           (N,T) CROSS SECTION FLAG
     2 LTOT          NUMBER OF MOMENTS OF TOTAL CROSS SECTION PROVIDED
     1 LTRN          NUMBER OF MOMENTS OF TRANSPORT CROSS SECTION
     0 ISTRPD        NUMBER OF COORDINATE DIRECTIONS ... (MUST .EQ. 0)

ISOTOPE 34
ISOTOPE CONTROL AND GROUP INDEPENDENT DATA   (4D RECORD)
NI61 6   HABSID        HOLLERITH ABSOLUTE ISOTOPE LABEL
ENDF/B   HIDENT        IDENTIFIER OF LIBRARY FROM WHICH BASIC DATA CAME
2834     HMAT          ISOTOPE IDENTIFICATION
 60.93 AMASS         GRAM ATOMIC WEIGHT
.0E+00 EFISS         TOTAL THERMAL ENERGY YIELD/FISSION (W.SEC/FISS)
.1E-11 ECAPT         TOTAL THERMAL ENERGY YIELD/CAPTURE (W.SEC/CAPT)
.3E+03 TEMP          ISOTOPE TEMPERATURE (DEGREES KELVIN)
.1E+05 SIGPOT        AVERAGE EFFECTIVE POTENTIAL SCATTERING IN RESONANCE RANGE (BARNS/ATOM)
.2E-04 ADENS         DENSITY OF ISOTOPE IN MIXTURE IN WHICH ISOTOPE CROSS SECTIONS WERE GENERATED (A/BARN-CM)
     0 KBR           ISOTOPE CLASSIFICATION (SEE DOCUMENTATION)
     0 ICHI          ISOTOPE FISSION SPECTRUM FLAG
     0 IFIS          (N,F) CROSS SECTION FLAG 
     1 IALF          (N,ALPHA) CROSS SECTION FLAG
     1 INP           (N,P) CROSS SECTION FLAG
     1 IN2N          (N,2N) CROSS SECTION FLAG
     0 IND           (N,D) CROSS SECTION FLAG
     0 INT           (N,T) CROSS SECTION FLAG
     2 LTOT          NUMBER OF MOMENTS OF TOTAL CROSS SECTION PROVIDED
     1 LTRN          NUMBER OF MOMENTS OF TRANSPORT CROSS SECTION
     0 ISTRPD        NUMBER OF COORDINATE DIRECTIONS ... (MUST .EQ. 0)

ISOTOPE 35
ISOTOPE CONTROL AND GROUP INDEPENDENT DATA   (4D RECORD)
NI62 6   HABSID        HOLLERITH ABSOLUTE ISOTOPE LABEL
ENDF/B   HIDENT        IDENTIFIER OF LIBRARY FROM WHICH BASIC DATA CAME
2837     HMAT          ISOTOPE IDENTIFICATION
 61.93 AMASS         GRAM ATOMIC WEIGHT
.0E+00 EFISS         TOTAL THERMAL ENERGY YIELD/FISSION (W.SEC/FISS)
.1E-11 ECAPT         TOTAL THERMAL ENERGY YIELD/CAPTURE (W.SEC/CAPT)
.3E+03 TEMP          ISOTOPE TEMPERATURE (DEGREES KELVIN)
.4E+04 SIGPOT        AVERAGE EFFECTIVE POTENTIAL SCATTERING IN RESONANCE RANGE (BARNS/ATOM)
.6E-04 ADENS         DENSITY OF ISOTOPE IN MIXTURE IN WHICH ISOTOPE CROSS SECTIONS WERE GENERATED (A/BARN-CM)
     0 KBR           ISOTOPE CLASSIFICATION (SEE DOCUMENTATION)
     0 ICHI          ISOTOPE FISSION SPECTRUM FLAG
     0 IFIS          (N,F) CROSS SECTION FLAG 
     1 IALF          (N,ALPHA) CROSS SECTION FLAG
     1 INP           (N,P) CROSS SECTION FLAG
     1 IN2N          (N,2N) CROSS SECTION FLAG
     1 IND           (N,D) CROSS SECTION FLAG
     0 INT           (N,T) CROSS SECTION FLAG
     2 LTOT          NUMBER OF MOMENTS OF TOTAL CROSS SECTION PROVIDED
     1 LTRN          NUMBER OF MOMENTS OF TRANSPORT CROSS SECTION
     0 ISTRPD        NUMBER OF COORDINATE DIRECTIONS ... (MUST .EQ. 0)

ISOTOPE 36
ISOTOPE CONTROL AND GROUP INDEPENDENT DATA   (4D RECORD)
NI64 6   HABSID        HOLLERITH ABSOLUTE ISOTOPE LABEL
ENDF/B   HIDENT        IDENTIFIER OF LIBRARY FROM WHICH BASIC DATA CAME
2843     HMAT          ISOTOPE IDENTIFICATION
 63.93 AMASS         GRAM ATOMIC WEIGHT
.0E+00 EFISS         TOTAL THERMAL ENERGY YIELD/FISSION (W.SEC/FISS)
.1E-11 ECAPT         TOTAL THERMAL ENERGY YIELD/CAPTURE (W.SEC/CAPT)
.3E+03 TEMP          ISOTOPE TEMPERATURE (DEGREES KELVIN)
.2E+05 SIGPOT        AVERAGE EFFECTIVE POTENTIAL SCATTERING IN RESONANCE RANGE (BARNS/ATOM)
.2E-04 ADENS         DENSITY OF ISOTOPE IN MIXTURE IN WHICH ISOTOPE CROSS SECTIONS WERE GENERATED (A/BARN-CM)
     0 KBR           ISOTOPE CLASSIFICATION (SEE DOCUMENTATION)
     0 ICHI          ISOTOPE FISSION SPECTRUM FLAG
     0 IFIS          (N,F) CROSS SECTION FLAG 
     1 IALF          (N,ALPHA) CROSS SECTION FLAG
     1 INP           (N,P) CROSS SECTION FLAG
     1 IN2N          (N,2N) CROSS SECTION FLAG
     1 IND           (N,D) CROSS SECTION FLAG
     0 INT           (N,T) CROSS SECTION FLAG
     2 LTOT          NUMBER OF MOMENTS OF TOTAL CROSS SECTION PROVIDED
     1 LTRN          NUMBER OF MOMENTS OF TRANSPORT CROSS SECTION
     0 ISTRPD        NUMBER OF COORDINATE DIRECTIONS ... (MUST .EQ. 0)

ISOTOPE 37
ISOTOPE CONTROL AND GROUP INDEPENDENT DATA   (4D RECORD)
FE  SV   HABSID        HOLLERITH ABSOLUTE ISOTOPE LABEL
ENDF/B   HIDENT        IDENTIFIER OF LIBRARY FROM WHICH BASIC DATA CAME
1326     HMAT          ISOTOPE IDENTIFICATION
 55.84 AMASS         GRAM ATOMIC WEIGHT
.0E+00 EFISS         TOTAL THERMAL ENERGY YIELD/FISSION (W.SEC/FISS)
.1E-11 ECAPT         TOTAL THERMAL ENERGY YIELD/CAPTURE (W.SEC/CAPT)
.3E+03 TEMP          ISOTOPE TEMPERATURE (DEGREES KELVIN)
.4E+02 SIGPOT        AVERAGE EFFECTIVE POTENTIAL SCATTERING IN RESONANCE RANGE (BARNS/ATOM)
.8E-02 ADENS         DENSITY OF ISOTOPE IN MIXTURE IN WHICH ISOTOPE CROSS SECTIONS WERE GENERATED (A/BARN-CM)
     0 KBR           ISOTOPE CLASSIFICATION (SEE DOCUMENTATION)
     0 ICHI          ISOTOPE FISSION SPECTRUM FLAG
     0 IFIS          (N,F) CROSS SECTION FLAG 
     1 IALF          (N,ALPHA) CROSS SECTION FLAG
     1 INP           (N,P) CROSS SECTION FLAG
     1 IN2N          (N,2N) CROSS SECTION FLAG
     1 IND           (N,D) CROSS SECTION FLAG
     1 INT           (N,T) CROSS SECTION FLAG
     2 LTOT          NUMBER OF MOMENTS OF TOTAL CROSS SECTION PROVIDED
     1 LTRN          NUMBER OF MOMENTS OF TRANSPORT CROSS SECTION
     0 ISTRPD        NUMBER OF COORDINATE DIRECTIONS ... (MUST .EQ. 0)

ISOTOPE 38
ISOTOPE CONTROL AND GROUP INDEPENDENT DATA   (4D RECORD)
LFPMO2   HABSID        HOLLERITH ABSOLUTE ISOTOPE LABEL
ENDF/B   HIDENT        IDENTIFIER OF LIBRARY FROM WHICH BASIC DATA CAME
   1     HMAT          ISOTOPE IDENTIFICATION
118.74 AMASS         GRAM ATOMIC WEIGHT
.0E+00 EFISS         TOTAL THERMAL ENERGY YIELD/FISSION (W.SEC/FISS)
.1E-11 ECAPT         TOTAL THERMAL ENERGY YIELD/CAPTURE (W.SEC/CAPT)
.3E+03 TEMP          ISOTOPE TEMPERATURE (DEGREES KELVIN)
.3E+08 SIGPOT        AVERAGE EFFECTIVE POTENTIAL SCATTERING IN RESONANCE RANGE (BARNS/ATOM)
.1E-07 ADENS         DENSITY OF ISOTOPE IN MIXTURE IN WHICH ISOTOPE CROSS SECTIONS WERE GENERATED (A/BARN-CM)
     0 KBR           ISOTOPE CLASSIFICATION (SEE DOCUMENTATION)
     0 ICHI          ISOTOPE FISSION SPECTRUM FLAG
     0 IFIS          (N,F) CROSS SECTION FLAG 
     0 IALF          (N,ALPHA) CROSS SECTION FLAG
     0 INP           (N,P) CROSS SECTION FLAG
     0 IN2N          (N,2N) CROSS SECTION FLAG
     0 IND           (N,D) CROSS SECTION FLAG
     0 INT           (N,T) CROSS SECTION FLAG
     2 LTOT          NUMBER OF MOMENTS OF TOTAL CROSS SECTION PROVIDED
     1 LTRN          NUMBER OF MOMENTS OF TRANSPORT CROSS SECTION
     0 ISTRPD        NUMBER OF COORDINATE DIRECTIONS ... (MUST .EQ. 0)

ISOTOPE 39
ISOTOPE CONTROL AND GROUP INDEPENDENT DATA   (4D RECORD)
CM2425   HABSID        HOLLERITH ABSOLUTE ISOTOPE LABEL
ENDF/B   HIDENT        IDENTIFIER OF LIBRARY FROM WHICH BASIC DATA CAME
8642     HMAT          ISOTOPE IDENTIFICATION
242.06 AMASS         GRAM ATOMIC WEIGHT
.3E-10 EFISS         TOTAL THERMAL ENERGY YIELD/FISSION (W.SEC/FISS)
.1E-11 ECAPT         TOTAL THERMAL ENERGY YIELD/CAPTURE (W.SEC/CAPT)
.3E+03 TEMP          ISOTOPE TEMPERATURE (DEGREES KELVIN)
.3E+08 SIGPOT        AVERAGE EFFECTIVE POTENTIAL SCATTERING IN RESONANCE RANGE (BARNS/ATOM)
.1E-07 ADENS         DENSITY OF ISOTOPE IN MIXTURE IN WHICH ISOTOPE CROSS SECTIONS WERE GENERATED (A/BARN-CM)
     0 KBR           ISOTOPE CLASSIFICATION (SEE DOCUMENTATION)
     1 ICHI          ISOTOPE FISSION SPECTRUM FLAG
     1 IFIS          (N,F) CROSS SECTION FLAG 
     0 IALF          (N,ALPHA) CROSS SECTION FLAG
     0 INP           (N,P) CROSS SECTION FLAG
     1 IN2N          (N,2N) CROSS SECTION FLAG
     0 IND           (N,D) CROSS SECTION FLAG
     0 INT           (N,T) CROSS SECTION FLAG
     2 LTOT          NUMBER OF MOMENTS OF TOTAL CROSS SECTION PROVIDED
     1 LTRN          NUMBER OF MOMENTS OF TRANSPORT CROSS SECTION
     0 ISTRPD        NUMBER OF COORDINATE DIRECTIONS ... (MUST .EQ. 0)

ISOTOPE 40
ISOTOPE CONTROL AND GROUP INDEPENDENT DATA   (4D RECORD)
PB   5   HABSID        HOLLERITH ABSOLUTE ISOTOPE LABEL
ENDF/B   HIDENT        IDENTIFIER OF LIBRARY FROM WHICH BASIC DATA CAME
1382     HMAT          ISOTOPE IDENTIFICATION
207.21 AMASS         GRAM ATOMIC WEIGHT
.0E+00 EFISS         TOTAL THERMAL ENERGY YIELD/FISSION (W.SEC/FISS)
.9E-12 ECAPT         TOTAL THERMAL ENERGY YIELD/CAPTURE (W.SEC/CAPT)
.3E+03 TEMP          ISOTOPE TEMPERATURE (DEGREES KELVIN)
.4E+02 SIGPOT        AVERAGE EFFECTIVE POTENTIAL SCATTERING IN RESONANCE RANGE (BARNS/ATOM)
.8E-02 ADENS         DENSITY OF ISOTOPE IN MIXTURE IN WHICH ISOTOPE CROSS SECTIONS WERE GENERATED (A/BARN-CM)
     0 KBR           ISOTOPE CLASSIFICATION (SEE DOCUMENTATION)
     0 ICHI          ISOTOPE FISSION SPECTRUM FLAG
     0 IFIS          (N,F) CROSS SECTION FLAG 
     0 IALF          (N,ALPHA) CROSS SECTION FLAG
     0 INP           (N,P) CROSS SECTION FLAG
     1 IN2N          (N,2N) CROSS SECTION FLAG
     0 IND           (N,D) CROSS SECTION FLAG
     0 INT           (N,T) CROSS SECTION FLAG
     2 LTOT          NUMBER OF MOMENTS OF TOTAL CROSS SECTION PROVIDED
     1 LTRN          NUMBER OF MOMENTS OF TRANSPORT CROSS SECTION
     0 ISTRPD        NUMBER OF COORDINATE DIRECTIONS ... (MUST .EQ. 0)

ISOTOPE 41
ISOTOPE CONTROL AND GROUP INDEPENDENT DATA   (4D RECORD)
CR   S   HABSID        HOLLERITH ABSOLUTE ISOTOPE LABEL
ENDF/B   HIDENT        IDENTIFIER OF LIBRARY FROM WHICH BASIC DATA CAME
1324     HMAT          ISOTOPE IDENTIFICATION
 52.00 AMASS         GRAM ATOMIC WEIGHT
.0E+00 EFISS         TOTAL THERMAL ENERGY YIELD/FISSION (W.SEC/FISS)
.1E-11 ECAPT         TOTAL THERMAL ENERGY YIELD/CAPTURE (W.SEC/CAPT)
.3E+03 TEMP          ISOTOPE TEMPERATURE (DEGREES KELVIN)
.1E+03 SIGPOT        AVERAGE EFFECTIVE POTENTIAL SCATTERING IN RESONANCE RANGE (BARNS/ATOM)
.2E-02 ADENS         DENSITY OF ISOTOPE IN MIXTURE IN WHICH ISOTOPE CROSS SECTIONS WERE GENERATED (A/BARN-CM)
     0 KBR           ISOTOPE CLASSIFICATION (SEE DOCUMENTATION)
     0 ICHI          ISOTOPE FISSION SPECTRUM FLAG
     0 IFIS          (N,F) CROSS SECTION FLAG 
     1 IALF          (N,ALPHA) CROSS SECTION FLAG
     1 INP           (N,P) CROSS SECTION FLAG
     1 IN2N          (N,2N) CROSS SECTION FLAG
     1 IND           (N,D) CROSS SECTION FLAG
     1 INT           (N,T) CROSS SECTION FLAG
     2 LTOT          NUMBER OF MOMENTS OF TOTAL CROSS SECTION PROVIDED
     1 LTRN          NUMBER OF MOMENTS OF TRANSPORT CROSS SECTION
     0 ISTRPD        NUMBER OF COORDINATE DIRECTIONS ... (MUST .EQ. 0)

ISOTOPE 42
ISOTOPE CONTROL AND GROUP INDEPENDENT DATA   (4D RECORD)
NI   S   HABSID        HOLLERITH ABSOLUTE ISOTOPE LABEL
ENDF/B   HIDENT        IDENTIFIER OF LIBRARY FROM WHICH BASIC DATA CAME
1328     HMAT          ISOTOPE IDENTIFICATION
 58.69 AMASS         GRAM ATOMIC WEIGHT
.0E+00 EFISS         TOTAL THERMAL ENERGY YIELD/FISSION (W.SEC/FISS)
.1E-11 ECAPT         TOTAL THERMAL ENERGY YIELD/CAPTURE (W.SEC/CAPT)
.3E+03 TEMP          ISOTOPE TEMPERATURE (DEGREES KELVIN)
.2E+03 SIGPOT        AVERAGE EFFECTIVE POTENTIAL SCATTERING IN RESONANCE RANGE (BARNS/ATOM)
.2E-02 ADENS         DENSITY OF ISOTOPE IN MIXTURE IN WHICH ISOTOPE CROSS SECTIONS WERE GENERATED (A/BARN-CM)
     0 KBR           ISOTOPE CLASSIFICATION (SEE DOCUMENTATION)
     0 ICHI          ISOTOPE FISSION SPECTRUM FLAG
     0 IFIS          (N,F) CROSS SECTION FLAG 
     1 IALF          (N,ALPHA) CROSS SECTION FLAG
     1 INP           (N,P) CROSS SECTION FLAG
     1 IN2N          (N,2N) CROSS SECTION FLAG
     1 IND           (N,D) CROSS SECTION FLAG
     0 INT           (N,T) CROSS SECTION FLAG
     2 LTOT          NUMBER OF MOMENTS OF TOTAL CROSS SECTION PROVIDED
     1 LTRN          NUMBER OF MOMENTS OF TRANSPORT CROSS SECTION
     0 ISTRPD        NUMBER OF COORDINATE DIRECTIONS ... (MUST .EQ. 0)

ISOTOPE 43
ISOTOPE CONTROL AND GROUP INDEPENDENT DATA   (4D RECORD)
PU2365   HABSID        HOLLERITH ABSOLUTE ISOTOPE LABEL
ENDF/B   HIDENT        IDENTIFIER OF LIBRARY FROM WHICH BASIC DATA CAME
8436     HMAT          ISOTOPE IDENTIFICATION
236.05 AMASS         GRAM ATOMIC WEIGHT
.3E-10 EFISS         TOTAL THERMAL ENERGY YIELD/FISSION (W.SEC/FISS)
.1E-11 ECAPT         TOTAL THERMAL ENERGY YIELD/CAPTURE (W.SEC/CAPT)
.3E+03 TEMP          ISOTOPE TEMPERATURE (DEGREES KELVIN)
.3E+08 SIGPOT        AVERAGE EFFECTIVE POTENTIAL SCATTERING IN RESONANCE RANGE (BARNS/ATOM)
.1E-07 ADENS         DENSITY OF ISOTOPE IN MIXTURE IN WHICH ISOTOPE CROSS SECTIONS WERE GENERATED (A/BARN-CM)
     0 KBR           ISOTOPE CLASSIFICATION (SEE DOCUMENTATION)
     1 ICHI          ISOTOPE FISSION SPECTRUM FLAG
     1 IFIS          (N,F) CROSS SECTION FLAG 
     0 IALF          (N,ALPHA) CROSS SECTION FLAG
     0 INP           (N,P) CROSS SECTION FLAG
     1 IN2N          (N,2N) CROSS SECTION FLAG
     0 IND           (N,D) CROSS SECTION FLAG
     0 INT           (N,T) CROSS SECTION FLAG
     2 LTOT          NUMBER OF MOMENTS OF TOTAL CROSS SECTION PROVIDED
     1 LTRN          NUMBER OF MOMENTS OF TRANSPORT CROSS SECTION
     0 ISTRPD        NUMBER OF COORDINATE DIRECTIONS ... (MUST .EQ. 0)

ISOTOPE 44
ISOTOPE CONTROL AND GROUP INDEPENDENT DATA   (4D RECORD)
CM2455   HABSID        HOLLERITH ABSOLUTE ISOTOPE LABEL
ENDF/B   HIDENT        IDENTIFIER OF LIBRARY FROM WHICH BASIC DATA CAME
1345     HMAT          ISOTOPE IDENTIFICATION
245.07 AMASS         GRAM ATOMIC WEIGHT
.3E-10 EFISS         TOTAL THERMAL ENERGY YIELD/FISSION (W.SEC/FISS)
.1E-11 ECAPT         TOTAL THERMAL ENERGY YIELD/CAPTURE (W.SEC/CAPT)
.3E+03 TEMP          ISOTOPE TEMPERATURE (DEGREES KELVIN)
.3E+08 SIGPOT        AVERAGE EFFECTIVE POTENTIAL SCATTERING IN RESONANCE RANGE (BARNS/ATOM)
.1E-07 ADENS         DENSITY OF ISOTOPE IN MIXTURE IN WHICH ISOTOPE CROSS SECTIONS WERE GENERATED (A/BARN-CM)
     0 KBR           ISOTOPE CLASSIFICATION (SEE DOCUMENTATION)
     1 ICHI          ISOTOPE FISSION SPECTRUM FLAG
     1 IFIS          (N,F) CROSS SECTION FLAG 
     0 IALF          (N,ALPHA) CROSS SECTION FLAG
     0 INP           (N,P) CROSS SECTION FLAG
     1 IN2N          (N,2N) CROSS SECTION FLAG
     0 IND           (N,D) CROSS SECTION FLAG
     0 INT           (N,T) CROSS SECTION FLAG
     2 LTOT          NUMBER OF MOMENTS OF TOTAL CROSS SECTION PROVIDED
     1 LTRN          NUMBER OF MOMENTS OF TRANSPORT CROSS SECTION
     0 ISTRPD        NUMBER OF COORDINATE DIRECTIONS ... (MUST .EQ. 0)

ISOTOPE 45
ISOTOPE CONTROL AND GROUP INDEPENDENT DATA   (4D RECORD)
CM2465   HABSID        HOLLERITH ABSOLUTE ISOTOPE LABEL
ENDF/B   HIDENT        IDENTIFIER OF LIBRARY FROM WHICH BASIC DATA CAME
1346     HMAT          ISOTOPE IDENTIFICATION
246.07 AMASS         GRAM ATOMIC WEIGHT
.3E-10 EFISS         TOTAL THERMAL ENERGY YIELD/FISSION (W.SEC/FISS)
.1E-11 ECAPT         TOTAL THERMAL ENERGY YIELD/CAPTURE (W.SEC/CAPT)
.3E+03 TEMP          ISOTOPE TEMPERATURE (DEGREES KELVIN)
.3E+08 SIGPOT        AVERAGE EFFECTIVE POTENTIAL SCATTERING IN RESONANCE RANGE (BARNS/ATOM)
.1E-07 ADENS         DENSITY OF ISOTOPE IN MIXTURE IN WHICH ISOTOPE CROSS SECTIONS WERE GENERATED (A/BARN-CM)
     0 KBR           ISOTOPE CLASSIFICATION (SEE DOCUMENTATION)
     1 ICHI          ISOTOPE FISSION SPECTRUM FLAG
     1 IFIS          (N,F) CROSS SECTION FLAG 
     0 IALF          (N,ALPHA) CROSS SECTION FLAG
     0 INP           (N,P) CROSS SECTION FLAG
     1 IN2N          (N,2N) CROSS SECTION FLAG
     0 IND           (N,D) CROSS SECTION FLAG
     0 INT           (N,T) CROSS SECTION FLAG
     2 LTOT          NUMBER OF MOMENTS OF TOTAL CROSS SECTION PROVIDED
     1 LTRN          NUMBER OF MOMENTS OF TRANSPORT CROSS SECTION
     0 ISTRPD        NUMBER OF COORDINATE DIRECTIONS ... (MUST .EQ. 0)

ISOTOPE 46
ISOTOPE CONTROL AND GROUP INDEPENDENT DATA   (4D RECORD)
PB2076   HABSID        HOLLERITH ABSOLUTE ISOTOPE LABEL
ENDF/B   HIDENT        IDENTIFIER OF LIBRARY FROM WHICH BASIC DATA CAME
8234     HMAT          ISOTOPE IDENTIFICATION
206.98 AMASS         GRAM ATOMIC WEIGHT
.0E+00 EFISS         TOTAL THERMAL ENERGY YIELD/FISSION (W.SEC/FISS)
.9E-12 ECAPT         TOTAL THERMAL ENERGY YIELD/CAPTURE (W.SEC/CAPT)
.3E+03 TEMP          ISOTOPE TEMPERATURE (DEGREES KELVIN)
.1E+03 SIGPOT        AVERAGE EFFECTIVE POTENTIAL SCATTERING IN RESONANCE RANGE (BARNS/ATOM)
.3E-02 ADENS         DENSITY OF ISOTOPE IN MIXTURE IN WHICH ISOTOPE CROSS SECTIONS WERE GENERATED (A/BARN-CM)
     0 KBR           ISOTOPE CLASSIFICATION (SEE DOCUMENTATION)
     0 ICHI          ISOTOPE FISSION SPECTRUM FLAG
     0 IFIS          (N,F) CROSS SECTION FLAG 
     1 IALF          (N,ALPHA) CROSS SECTION FLAG
     1 INP           (N,P) CROSS SECTION FLAG
     1 IN2N          (N,2N) CROSS SECTION FLAG
     0 IND           (N,D) CROSS SECTION FLAG
     1 INT           (N,T) CROSS SECTION FLAG
     2 LTOT          NUMBER OF MOMENTS OF TOTAL CROSS SECTION PROVIDED
     1 LTRN          NUMBER OF MOMENTS OF TRANSPORT CROSS SECTION
     0 ISTRPD        NUMBER OF COORDINATE DIRECTIONS ... (MUST .EQ. 0)

ISOTOPE 47
ISOTOPE CONTROL AND GROUP INDEPENDENT DATA   (4D RECORD)
PB2066   HABSID        HOLLERITH ABSOLUTE ISOTOPE LABEL
ENDF/B   HIDENT        IDENTIFIER OF LIBRARY FROM WHICH BASIC DATA CAME
8231     HMAT          ISOTOPE IDENTIFICATION
205.97 AMASS         GRAM ATOMIC WEIGHT
.0E+00 EFISS         TOTAL THERMAL ENERGY YIELD/FISSION (W.SEC/FISS)
.9E-12 ECAPT         TOTAL THERMAL ENERGY YIELD/CAPTURE (W.SEC/CAPT)
.3E+03 TEMP          ISOTOPE TEMPERATURE (DEGREES KELVIN)
.9E+02 SIGPOT        AVERAGE EFFECTIVE POTENTIAL SCATTERING IN RESONANCE RANGE (BARNS/ATOM)
.3E-02 ADENS         DENSITY OF ISOTOPE IN MIXTURE IN WHICH ISOTOPE CROSS SECTIONS WERE GENERATED (A/BARN-CM)
     0 KBR           ISOTOPE CLASSIFICATION (SEE DOCUMENTATION)
     0 ICHI          ISOTOPE FISSION SPECTRUM FLAG
     0 IFIS          (N,F) CROSS SECTION FLAG 
     1 IALF          (N,ALPHA) CROSS SECTION FLAG
     1 INP           (N,P) CROSS SECTION FLAG
     1 IN2N          (N,2N) CROSS SECTION FLAG
     0 IND           (N,D) CROSS SECTION FLAG
     1 INT           (N,T) CROSS SECTION FLAG
     2 LTOT          NUMBER OF MOMENTS OF TOTAL CROSS SECTION PROVIDED
     1 LTRN          NUMBER OF MOMENTS OF TRANSPORT CROSS SECTION
     0 ISTRPD        NUMBER OF COORDINATE DIRECTIONS ... (MUST .EQ. 0)

ISOTOPE 48
ISOTOPE CONTROL AND GROUP INDEPENDENT DATA   (4D RECORD)
PB2086   HABSID        HOLLERITH ABSOLUTE ISOTOPE LABEL
ENDF/B   HIDENT        IDENTIFIER OF LIBRARY FROM WHICH BASIC DATA CAME
8237     HMAT          ISOTOPE IDENTIFICATION
207.98 AMASS         GRAM ATOMIC WEIGHT
.0E+00 EFISS         TOTAL THERMAL ENERGY YIELD/FISSION (W.SEC/FISS)
.9E-12 ECAPT         TOTAL THERMAL ENERGY YIELD/CAPTURE (W.SEC/CAPT)
.3E+03 TEMP          ISOTOPE TEMPERATURE (DEGREES KELVIN)
.4E+02 SIGPOT        AVERAGE EFFECTIVE POTENTIAL SCATTERING IN RESONANCE RANGE (BARNS/ATOM)
.7E-02 ADENS         DENSITY OF ISOTOPE IN MIXTURE IN WHICH ISOTOPE CROSS SECTIONS WERE GENERATED (A/BARN-CM)
     0 KBR           ISOTOPE CLASSIFICATION (SEE DOCUMENTATION)
     0 ICHI          ISOTOPE FISSION SPECTRUM FLAG
     0 IFIS          (N,F) CROSS SECTION FLAG 
     1 IALF          (N,ALPHA) CROSS SECTION FLAG
     1 INP           (N,P) CROSS SECTION FLAG
     1 IN2N          (N,2N) CROSS SECTION FLAG
     1 IND           (N,D) CROSS SECTION FLAG
     1 INT           (N,T) CROSS SECTION FLAG
     2 LTOT          NUMBER OF MOMENTS OF TOTAL CROSS SECTION PROVIDED
     1 LTRN          NUMBER OF MOMENTS OF TRANSPORT CROSS SECTION
     0 ISTRPD        NUMBER OF COORDINATE DIRECTIONS ... (MUST .EQ. 0)

ISOTOPE 49
ISOTOPE CONTROL AND GROUP INDEPENDENT DATA   (4D RECORD)
BI2096   HABSID        HOLLERITH ABSOLUTE ISOTOPE LABEL
ENDF/B   HIDENT        IDENTIFIER OF LIBRARY FROM WHICH BASIC DATA CAME
8325     HMAT          ISOTOPE IDENTIFICATION
208.98 AMASS         GRAM ATOMIC WEIGHT
.0E+00 EFISS         TOTAL THERMAL ENERGY YIELD/FISSION (W.SEC/FISS)
.0E+00 ECAPT         TOTAL THERMAL ENERGY YIELD/CAPTURE (W.SEC/CAPT)
.3E+03 TEMP          ISOTOPE TEMPERATURE (DEGREES KELVIN)
.2E+02 SIGPOT        AVERAGE EFFECTIVE POTENTIAL SCATTERING IN RESONANCE RANGE (BARNS/ATOM)
.2E-01 ADENS         DENSITY OF ISOTOPE IN MIXTURE IN WHICH ISOTOPE CROSS SECTIONS WERE GENERATED (A/BARN-CM)
     0 KBR           ISOTOPE CLASSIFICATION (SEE DOCUMENTATION)
     0 ICHI          ISOTOPE FISSION SPECTRUM FLAG
     0 IFIS          (N,F) CROSS SECTION FLAG 
     1 IALF          (N,ALPHA) CROSS SECTION FLAG
     1 INP           (N,P) CROSS SECTION FLAG
     1 IN2N          (N,2N) CROSS SECTION FLAG
     1 IND           (N,D) CROSS SECTION FLAG
     1 INT           (N,T) CROSS SECTION FLAG
     2 LTOT          NUMBER OF MOMENTS OF TOTAL CROSS SECTION PROVIDED
     1 LTRN          NUMBER OF MOMENTS OF TRANSPORT CROSS SECTION
     0 ISTRPD        NUMBER OF COORDINATE DIRECTIONS ... (MUST .EQ. 0)

ISOTOPE 50
ISOTOPE CONTROL AND GROUP INDEPENDENT DATA   (4D RECORD)
ZR   6   HABSID        HOLLERITH ABSOLUTE ISOTOPE LABEL
ENDF/B   HIDENT        IDENTIFIER OF LIBRARY FROM WHICH BASIC DATA CAME
4000     HMAT          ISOTOPE IDENTIFICATION
 91.22 AMASS         GRAM ATOMIC WEIGHT
.0E+00 EFISS         TOTAL THERMAL ENERGY YIELD/FISSION (W.SEC/FISS)
.1E-11 ECAPT         TOTAL THERMAL ENERGY YIELD/CAPTURE (W.SEC/CAPT)
.3E+03 TEMP          ISOTOPE TEMPERATURE (DEGREES KELVIN)
.5E+05 SIGPOT        AVERAGE EFFECTIVE POTENTIAL SCATTERING IN RESONANCE RANGE (BARNS/ATOM)
.9E-05 ADENS         DENSITY OF ISOTOPE IN MIXTURE IN WHICH ISOTOPE CROSS SECTIONS WERE GENERATED (A/BARN-CM)
     0 KBR           ISOTOPE CLASSIFICATION (SEE DOCUMENTATION)
     0 ICHI          ISOTOPE FISSION SPECTRUM FLAG
     0 IFIS          (N,F) CROSS SECTION FLAG 
     1 IALF          (N,ALPHA) CROSS SECTION FLAG
     1 INP           (N,P) CROSS SECTION FLAG
     1 IN2N          (N,2N) CROSS SECTION FLAG
     0 IND           (N,D) CROSS SECTION FLAG
     0 INT           (N,T) CROSS SECTION FLAG
     2 LTOT          NUMBER OF MOMENTS OF TOTAL CROSS SECTION PROVIDED
     1 LTRN          NUMBER OF MOMENTS OF TRANSPORT CROSS SECTION
     0 ISTRPD        NUMBER OF COORDINATE DIRECTIONS ... (MUST .EQ. 0)

ISOTOPE 51
ISOTOPE CONTROL AND GROUP INDEPENDENT DATA   (4D RECORD)
MG   6   HABSID        HOLLERITH ABSOLUTE ISOTOPE LABEL
ENDF/B   HIDENT        IDENTIFIER OF LIBRARY FROM WHICH BASIC DATA CAME
1200     HMAT          ISOTOPE IDENTIFICATION
 24.31 AMASS         GRAM ATOMIC WEIGHT
.0E+00 EFISS         TOTAL THERMAL ENERGY YIELD/FISSION (W.SEC/FISS)
.1E-11 ECAPT         TOTAL THERMAL ENERGY YIELD/CAPTURE (W.SEC/CAPT)
.3E+03 TEMP          ISOTOPE TEMPERATURE (DEGREES KELVIN)
.1E+04 SIGPOT        AVERAGE EFFECTIVE POTENTIAL SCATTERING IN RESONANCE RANGE (BARNS/ATOM)
.3E-03 ADENS         DENSITY OF ISOTOPE IN MIXTURE IN WHICH ISOTOPE CROSS SECTIONS WERE GENERATED (A/BARN-CM)
     0 KBR           ISOTOPE CLASSIFICATION (SEE DOCUMENTATION)
     0 ICHI          ISOTOPE FISSION SPECTRUM FLAG
     0 IFIS          (N,F) CROSS SECTION FLAG 
     1 IALF          (N,ALPHA) CROSS SECTION FLAG
     1 INP           (N,P) CROSS SECTION FLAG
     1 IN2N          (N,2N) CROSS SECTION FLAG
     0 IND           (N,D) CROSS SECTION FLAG
     0 INT           (N,T) CROSS SECTION FLAG
     2 LTOT          NUMBER OF MOMENTS OF TOTAL CROSS SECTION PROVIDED
     1 LTRN          NUMBER OF MOMENTS OF TRANSPORT CROSS SECTION
     0 ISTRPD        NUMBER OF COORDINATE DIRECTIONS ... (MUST .EQ. 0)

ISOTOPE 52
ISOTOPE CONTROL AND GROUP INDEPENDENT DATA   (4D RECORD)
C    6   HABSID        HOLLERITH ABSOLUTE ISOTOPE LABEL
ENDF/B   HIDENT        IDENTIFIER OF LIBRARY FROM WHICH BASIC DATA CAME
 600     HMAT          ISOTOPE IDENTIFICATION
 12.00 AMASS         GRAM ATOMIC WEIGHT
.0E+00 EFISS         TOTAL THERMAL ENERGY YIELD/FISSION (W.SEC/FISS)
.8E-12 ECAPT         TOTAL THERMAL ENERGY YIELD/CAPTURE (W.SEC/CAPT)
.3E+03 TEMP          ISOTOPE TEMPERATURE (DEGREES KELVIN)
.5E+04 SIGPOT        AVERAGE EFFECTIVE POTENTIAL SCATTERING IN RESONANCE RANGE (BARNS/ATOM)
.9E-04 ADENS         DENSITY OF ISOTOPE IN MIXTURE IN WHICH ISOTOPE CROSS SECTIONS WERE GENERATED (A/BARN-CM)
     0 KBR           ISOTOPE CLASSIFICATION (SEE DOCUMENTATION)
     0 ICHI          ISOTOPE FISSION SPECTRUM FLAG
     0 IFIS          (N,F) CROSS SECTION FLAG 
     1 IALF          (N,ALPHA) CROSS SECTION FLAG
     0 INP           (N,P) CROSS SECTION FLAG
     0 IN2N          (N,2N) CROSS SECTION FLAG
     0 IND           (N,D) CROSS SECTION FLAG
     0 INT           (N,T) CROSS SECTION FLAG
     2 LTOT          NUMBER OF MOMENTS OF TOTAL CROSS SECTION PROVIDED
     1 LTRN          NUMBER OF MOMENTS OF TRANSPORT CROSS SECTION
     0 ISTRPD        NUMBER OF COORDINATE DIRECTIONS ... (MUST .EQ. 0)

ISOTOPE 53
ISOTOPE CONTROL AND GROUP INDEPENDENT DATA   (4D RECORD)
MO   6   HABSID        HOLLERITH ABSOLUTE ISOTOPE LABEL
ENDF/B   HIDENT        IDENTIFIER OF LIBRARY FROM WHICH BASIC DATA CAME
4200     HMAT          ISOTOPE IDENTIFICATION
 95.94 AMASS         GRAM ATOMIC WEIGHT
.0E+00 EFISS         TOTAL THERMAL ENERGY YIELD/FISSION (W.SEC/FISS)
.1E-11 ECAPT         TOTAL THERMAL ENERGY YIELD/CAPTURE (W.SEC/CAPT)
.3E+03 TEMP          ISOTOPE TEMPERATURE (DEGREES KELVIN)
.8E+03 SIGPOT        AVERAGE EFFECTIVE POTENTIAL SCATTERING IN RESONANCE RANGE (BARNS/ATOM)
.5E-03 ADENS         DENSITY OF ISOTOPE IN MIXTURE IN WHICH ISOTOPE CROSS SECTIONS WERE GENERATED (A/BARN-CM)
     0 KBR           ISOTOPE CLASSIFICATION (SEE DOCUMENTATION)
     0 ICHI          ISOTOPE FISSION SPECTRUM FLAG
     0 IFIS          (N,F) CROSS SECTION FLAG 
     0 IALF          (N,ALPHA) CROSS SECTION FLAG
     0 INP           (N,P) CROSS SECTION FLAG
     1 IN2N          (N,2N) CROSS SECTION FLAG
     0 IND           (N,D) CROSS SECTION FLAG
     0 INT           (N,T) CROSS SECTION FLAG
     2 LTOT          NUMBER OF MOMENTS OF TOTAL CROSS SECTION PROVIDED
     1 LTRN          NUMBER OF MOMENTS OF TRANSPORT CROSS SECTION
     0 ISTRPD        NUMBER OF COORDINATE DIRECTIONS ... (MUST .EQ. 0)

ISOTOPE 54
ISOTOPE CONTROL AND GROUP INDEPENDENT DATA   (4D RECORD)
MN   6   HABSID        HOLLERITH ABSOLUTE ISOTOPE LABEL
ENDF/B   HIDENT        IDENTIFIER OF LIBRARY FROM WHICH BASIC DATA CAME
2525     HMAT          ISOTOPE IDENTIFICATION
 54.94 AMASS         GRAM ATOMIC WEIGHT
.0E+00 EFISS         TOTAL THERMAL ENERGY YIELD/FISSION (W.SEC/FISS)
.1E-11 ECAPT         TOTAL THERMAL ENERGY YIELD/CAPTURE (W.SEC/CAPT)
.3E+03 TEMP          ISOTOPE TEMPERATURE (DEGREES KELVIN)
.1E+04 SIGPOT        AVERAGE EFFECTIVE POTENTIAL SCATTERING IN RESONANCE RANGE (BARNS/ATOM)
.3E-03 ADENS         DENSITY OF ISOTOPE IN MIXTURE IN WHICH ISOTOPE CROSS SECTIONS WERE GENERATED (A/BARN-CM)
     0 KBR           ISOTOPE CLASSIFICATION (SEE DOCUMENTATION)
     0 ICHI          ISOTOPE FISSION SPECTRUM FLAG
     0 IFIS          (N,F) CROSS SECTION FLAG 
     1 IALF          (N,ALPHA) CROSS SECTION FLAG
     1 INP           (N,P) CROSS SECTION FLAG
     1 IN2N          (N,2N) CROSS SECTION FLAG
     1 IND           (N,D) CROSS SECTION FLAG
     1 INT           (N,T) CROSS SECTION FLAG
     2 LTOT          NUMBER OF MOMENTS OF TOTAL CROSS SECTION PROVIDED
     1 LTRN          NUMBER OF MOMENTS OF TRANSPORT CROSS SECTION
     0 ISTRPD        NUMBER OF COORDINATE DIRECTIONS ... (MUST .EQ. 0)

ISOTOPE 55
ISOTOPE CONTROL AND GROUP INDEPENDENT DATA   (4D RECORD)
SI   6   HABSID        HOLLERITH ABSOLUTE ISOTOPE LABEL
ENDF/B   HIDENT        IDENTIFIER OF LIBRARY FROM WHICH BASIC DATA CAME
1400     HMAT          ISOTOPE IDENTIFICATION
 28.09 AMASS         GRAM ATOMIC WEIGHT
.0E+00 EFISS         TOTAL THERMAL ENERGY YIELD/FISSION (W.SEC/FISS)
.1E-11 ECAPT         TOTAL THERMAL ENERGY YIELD/CAPTURE (W.SEC/CAPT)
.3E+03 TEMP          ISOTOPE TEMPERATURE (DEGREES KELVIN)
.2E+04 SIGPOT        AVERAGE EFFECTIVE POTENTIAL SCATTERING IN RESONANCE RANGE (BARNS/ATOM)
.3E-03 ADENS         DENSITY OF ISOTOPE IN MIXTURE IN WHICH ISOTOPE CROSS SECTIONS WERE GENERATED (A/BARN-CM)
     0 KBR           ISOTOPE CLASSIFICATION (SEE DOCUMENTATION)
     0 ICHI          ISOTOPE FISSION SPECTRUM FLAG
     0 IFIS          (N,F) CROSS SECTION FLAG 
     1 IALF          (N,ALPHA) CROSS SECTION FLAG
     1 INP           (N,P) CROSS SECTION FLAG
     1 IN2N          (N,2N) CROSS SECTION FLAG
     1 IND           (N,D) CROSS SECTION FLAG
     0 INT           (N,T) CROSS SECTION FLAG
     2 LTOT          NUMBER OF MOMENTS OF TOTAL CROSS SECTION PROVIDED
     1 LTRN          NUMBER OF MOMENTS OF TRANSPORT CROSS SECTION
     0 ISTRPD        NUMBER OF COORDINATE DIRECTIONS ... (MUST .EQ. 0)

ISOTOPE 56
ISOTOPE CONTROL AND GROUP INDEPENDENT DATA   (4D RECORD)
CR52 6   HABSID        HOLLERITH ABSOLUTE ISOTOPE LABEL
ENDF/B   HIDENT        IDENTIFIER OF LIBRARY FROM WHICH BASIC DATA CAME
2431     HMAT          ISOTOPE IDENTIFICATION
 51.94 AMASS         GRAM ATOMIC WEIGHT
.0E+00 EFISS         TOTAL THERMAL ENERGY YIELD/FISSION (W.SEC/FISS)
.1E-11 ECAPT         TOTAL THERMAL ENERGY YIELD/CAPTURE (W.SEC/CAPT)
.3E+03 TEMP          ISOTOPE TEMPERATURE (DEGREES KELVIN)
.4E+03 SIGPOT        AVERAGE EFFECTIVE POTENTIAL SCATTERING IN RESONANCE RANGE (BARNS/ATOM)
.9E-03 ADENS         DENSITY OF ISOTOPE IN MIXTURE IN WHICH ISOTOPE CROSS SECTIONS WERE GENERATED (A/BARN-CM)
     0 KBR           ISOTOPE CLASSIFICATION (SEE DOCUMENTATION)
     0 ICHI          ISOTOPE FISSION SPECTRUM FLAG
     0 IFIS          (N,F) CROSS SECTION FLAG 
     1 IALF          (N,ALPHA) CROSS SECTION FLAG
     1 INP           (N,P) CROSS SECTION FLAG
     1 IN2N          (N,2N) CROSS SECTION FLAG
     0 IND           (N,D) CROSS SECTION FLAG
     0 INT           (N,T) CROSS SECTION FLAG
     2 LTOT          NUMBER OF MOMENTS OF TOTAL CROSS SECTION PROVIDED
     1 LTRN          NUMBER OF MOMENTS OF TRANSPORT CROSS SECTION
     0 ISTRPD        NUMBER OF COORDINATE DIRECTIONS ... (MUST .EQ. 0)

ISOTOPE 57
ISOTOPE CONTROL AND GROUP INDEPENDENT DATA   (4D RECORD)
FE56 6   HABSID        HOLLERITH ABSOLUTE ISOTOPE LABEL
ENDF/B   HIDENT        IDENTIFIER OF LIBRARY FROM WHICH BASIC DATA CAME
2631     HMAT          ISOTOPE IDENTIFICATION
 55.93 AMASS         GRAM ATOMIC WEIGHT
.0E+00 EFISS         TOTAL THERMAL ENERGY YIELD/FISSION (W.SEC/FISS)
.9E-12 ECAPT         TOTAL THERMAL ENERGY YIELD/CAPTURE (W.SEC/CAPT)
.3E+03 TEMP          ISOTOPE TEMPERATURE (DEGREES KELVIN)
.5E+01 SIGPOT        AVERAGE EFFECTIVE POTENTIAL SCATTERING IN RESONANCE RANGE (BARNS/ATOM)
.8E-01 ADENS         DENSITY OF ISOTOPE IN MIXTURE IN WHICH ISOTOPE CROSS SECTIONS WERE GENERATED (A/BARN-CM)
     0 KBR           ISOTOPE CLASSIFICATION (SEE DOCUMENTATION)
     0 ICHI          ISOTOPE FISSION SPECTRUM FLAG
     0 IFIS          (N,F) CROSS SECTION FLAG 
     1 IALF          (N,ALPHA) CROSS SECTION FLAG
     1 INP           (N,P) CROSS SECTION FLAG
     1 IN2N          (N,2N) CROSS SECTION FLAG
     1 IND           (N,D) CROSS SECTION FLAG
     1 INT           (N,T) CROSS SECTION FLAG
     2 LTOT          NUMBER OF MOMENTS OF TOTAL CROSS SECTION PROVIDED
     1 LTRN          NUMBER OF MOMENTS OF TRANSPORT CROSS SECTION
     0 ISTRPD        NUMBER OF COORDINATE DIRECTIONS ... (MUST .EQ. 0)

ISOTOPE 58
ISOTOPE CONTROL AND GROUP INDEPENDENT DATA   (4D RECORD)
FE54 6   HABSID        HOLLERITH ABSOLUTE ISOTOPE LABEL
ENDF/B   HIDENT        IDENTIFIER OF LIBRARY FROM WHICH BASIC DATA CAME
2625     HMAT          ISOTOPE IDENTIFICATION
 53.94 AMASS         GRAM ATOMIC WEIGHT
.0E+00 EFISS         TOTAL THERMAL ENERGY YIELD/FISSION (W.SEC/FISS)
.9E-12 ECAPT         TOTAL THERMAL ENERGY YIELD/CAPTURE (W.SEC/CAPT)
.3E+03 TEMP          ISOTOPE TEMPERATURE (DEGREES KELVIN)
.8E+02 SIGPOT        AVERAGE EFFECTIVE POTENTIAL SCATTERING IN RESONANCE RANGE (BARNS/ATOM)
.5E-02 ADENS         DENSITY OF ISOTOPE IN MIXTURE IN WHICH ISOTOPE CROSS SECTIONS WERE GENERATED (A/BARN-CM)
     0 KBR           ISOTOPE CLASSIFICATION (SEE DOCUMENTATION)
     0 ICHI          ISOTOPE FISSION SPECTRUM FLAG
     0 IFIS          (N,F) CROSS SECTION FLAG 
     1 IALF          (N,ALPHA) CROSS SECTION FLAG
     1 INP           (N,P) CROSS SECTION FLAG
     1 IN2N          (N,2N) CROSS SECTION FLAG
     1 IND           (N,D) CROSS SECTION FLAG
     0 INT           (N,T) CROSS SECTION FLAG
     2 LTOT          NUMBER OF MOMENTS OF TOTAL CROSS SECTION PROVIDED
     1 LTRN          NUMBER OF MOMENTS OF TRANSPORT CROSS SECTION
     0 ISTRPD        NUMBER OF COORDINATE DIRECTIONS ... (MUST .EQ. 0)

ISOTOPE 59
ISOTOPE CONTROL AND GROUP INDEPENDENT DATA   (4D RECORD)
FE57 6   HABSID        HOLLERITH ABSOLUTE ISOTOPE LABEL
ENDF/B   HIDENT        IDENTIFIER OF LIBRARY FROM WHICH BASIC DATA CAME
2634     HMAT          ISOTOPE IDENTIFICATION
 56.94 AMASS         GRAM ATOMIC WEIGHT
.0E+00 EFISS         TOTAL THERMAL ENERGY YIELD/FISSION (W.SEC/FISS)
.9E-12 ECAPT         TOTAL THERMAL ENERGY YIELD/CAPTURE (W.SEC/CAPT)
.3E+03 TEMP          ISOTOPE TEMPERATURE (DEGREES KELVIN)
.2E+03 SIGPOT        AVERAGE EFFECTIVE POTENTIAL SCATTERING IN RESONANCE RANGE (BARNS/ATOM)
.2E-02 ADENS         DENSITY OF ISOTOPE IN MIXTURE IN WHICH ISOTOPE CROSS SECTIONS WERE GENERATED (A/BARN-CM)
     0 KBR           ISOTOPE CLASSIFICATION (SEE DOCUMENTATION)
     0 ICHI          ISOTOPE FISSION SPECTRUM FLAG
     0 IFIS          (N,F) CROSS SECTION FLAG 
     1 IALF          (N,ALPHA) CROSS SECTION FLAG
     1 INP           (N,P) CROSS SECTION FLAG
     1 IN2N          (N,2N) CROSS SECTION FLAG
     0 IND           (N,D) CROSS SECTION FLAG
     0 INT           (N,T) CROSS SECTION FLAG
     2 LTOT          NUMBER OF MOMENTS OF TOTAL CROSS SECTION PROVIDED
     1 LTRN          NUMBER OF MOMENTS OF TRANSPORT CROSS SECTION
     0 ISTRPD        NUMBER OF COORDINATE DIRECTIONS ... (MUST .EQ. 0)

ISOTOPE 60
ISOTOPE CONTROL AND GROUP INDEPENDENT DATA   (4D RECORD)
FE58 6   HABSID        HOLLERITH ABSOLUTE ISOTOPE LABEL
ENDF/B   HIDENT        IDENTIFIER OF LIBRARY FROM WHICH BASIC DATA CAME
2637     HMAT          ISOTOPE IDENTIFICATION
 57.93 AMASS         GRAM ATOMIC WEIGHT
.0E+00 EFISS         TOTAL THERMAL ENERGY YIELD/FISSION (W.SEC/FISS)
.9E-12 ECAPT         TOTAL THERMAL ENERGY YIELD/CAPTURE (W.SEC/CAPT)
.3E+03 TEMP          ISOTOPE TEMPERATURE (DEGREES KELVIN)
.2E+04 SIGPOT        AVERAGE EFFECTIVE POTENTIAL SCATTERING IN RESONANCE RANGE (BARNS/ATOM)
.2E-03 ADENS         DENSITY OF ISOTOPE IN MIXTURE IN WHICH ISOTOPE CROSS SECTIONS WERE GENERATED (A/BARN-CM)
     0 KBR           ISOTOPE CLASSIFICATION (SEE DOCUMENTATION)
     0 ICHI          ISOTOPE FISSION SPECTRUM FLAG
     0 IFIS          (N,F) CROSS SECTION FLAG 
     1 IALF          (N,ALPHA) CROSS SECTION FLAG
     1 INP           (N,P) CROSS SECTION FLAG
     1 IN2N          (N,2N) CROSS SECTION FLAG
     0 IND           (N,D) CROSS SECTION FLAG
     0 INT           (N,T) CROSS SECTION FLAG
     2 LTOT          NUMBER OF MOMENTS OF TOTAL CROSS SECTION PROVIDED
     1 LTRN          NUMBER OF MOMENTS OF TRANSPORT CROSS SECTION
     0 ISTRPD        NUMBER OF COORDINATE DIRECTIONS ... (MUST .EQ. 0)

ISOTOPE 61
ISOTOPE CONTROL AND GROUP INDEPENDENT DATA   (4D RECORD)
CR50 6   HABSID        HOLLERITH ABSOLUTE ISOTOPE LABEL
ENDF/B   HIDENT        IDENTIFIER OF LIBRARY FROM WHICH BASIC DATA CAME
2425     HMAT          ISOTOPE IDENTIFICATION
 49.95 AMASS         GRAM ATOMIC WEIGHT
.0E+00 EFISS         TOTAL THERMAL ENERGY YIELD/FISSION (W.SEC/FISS)
.1E-11 ECAPT         TOTAL THERMAL ENERGY YIELD/CAPTURE (W.SEC/CAPT)
.3E+03 TEMP          ISOTOPE TEMPERATURE (DEGREES KELVIN)
.9E+04 SIGPOT        AVERAGE EFFECTIVE POTENTIAL SCATTERING IN RESONANCE RANGE (BARNS/ATOM)
.5E-04 ADENS         DENSITY OF ISOTOPE IN MIXTURE IN WHICH ISOTOPE CROSS SECTIONS WERE GENERATED (A/BARN-CM)
     0 KBR           ISOTOPE CLASSIFICATION (SEE DOCUMENTATION)
     0 ICHI          ISOTOPE FISSION SPECTRUM FLAG
     0 IFIS          (N,F) CROSS SECTION FLAG 
     1 IALF          (N,ALPHA) CROSS SECTION FLAG
     1 INP           (N,P) CROSS SECTION FLAG
     1 IN2N          (N,2N) CROSS SECTION FLAG
     1 IND           (N,D) CROSS SECTION FLAG
     0 INT           (N,T) CROSS SECTION FLAG
     2 LTOT          NUMBER OF MOMENTS OF TOTAL CROSS SECTION PROVIDED
     1 LTRN          NUMBER OF MOMENTS OF TRANSPORT CROSS SECTION
     0 ISTRPD        NUMBER OF COORDINATE DIRECTIONS ... (MUST .EQ. 0)

ISOTOPE 62
ISOTOPE CONTROL AND GROUP INDEPENDENT DATA   (4D RECORD)
CR53 6   HABSID        HOLLERITH ABSOLUTE ISOTOPE LABEL
ENDF/B   HIDENT        IDENTIFIER OF LIBRARY FROM WHICH BASIC DATA CAME
2434     HMAT          ISOTOPE IDENTIFICATION
 52.94 AMASS         GRAM ATOMIC WEIGHT
.0E+00 EFISS         TOTAL THERMAL ENERGY YIELD/FISSION (W.SEC/FISS)
.1E-11 ECAPT         TOTAL THERMAL ENERGY YIELD/CAPTURE (W.SEC/CAPT)
.3E+03 TEMP          ISOTOPE TEMPERATURE (DEGREES KELVIN)
.4E+04 SIGPOT        AVERAGE EFFECTIVE POTENTIAL SCATTERING IN RESONANCE RANGE (BARNS/ATOM)
.1E-03 ADENS         DENSITY OF ISOTOPE IN MIXTURE IN WHICH ISOTOPE CROSS SECTIONS WERE GENERATED (A/BARN-CM)
     0 KBR           ISOTOPE CLASSIFICATION (SEE DOCUMENTATION)
     0 ICHI          ISOTOPE FISSION SPECTRUM FLAG
     0 IFIS          (N,F) CROSS SECTION FLAG 
     1 IALF          (N,ALPHA) CROSS SECTION FLAG
     1 INP           (N,P) CROSS SECTION FLAG
     1 IN2N          (N,2N) CROSS SECTION FLAG
     0 IND           (N,D) CROSS SECTION FLAG
     0 INT           (N,T) CROSS SECTION FLAG
     2 LTOT          NUMBER OF MOMENTS OF TOTAL CROSS SECTION PROVIDED
     1 LTRN          NUMBER OF MOMENTS OF TRANSPORT CROSS SECTION
     0 ISTRPD        NUMBER OF COORDINATE DIRECTIONS ... (MUST .EQ. 0)

ISOTOPE 63
ISOTOPE CONTROL AND GROUP INDEPENDENT DATA   (4D RECORD)
CR54 6   HABSID        HOLLERITH ABSOLUTE ISOTOPE LABEL
ENDF/B   HIDENT        IDENTIFIER OF LIBRARY FROM WHICH BASIC DATA CAME
2437     HMAT          ISOTOPE IDENTIFICATION
 53.94 AMASS         GRAM ATOMIC WEIGHT
.0E+00 EFISS         TOTAL THERMAL ENERGY YIELD/FISSION (W.SEC/FISS)
.1E-11 ECAPT         TOTAL THERMAL ENERGY YIELD/CAPTURE (W.SEC/CAPT)
.3E+03 TEMP          ISOTOPE TEMPERATURE (DEGREES KELVIN)
.2E+05 SIGPOT        AVERAGE EFFECTIVE POTENTIAL SCATTERING IN RESONANCE RANGE (BARNS/ATOM)
.3E-04 ADENS         DENSITY OF ISOTOPE IN MIXTURE IN WHICH ISOTOPE CROSS SECTIONS WERE GENERATED (A/BARN-CM)
     0 KBR           ISOTOPE CLASSIFICATION (SEE DOCUMENTATION)
     0 ICHI          ISOTOPE FISSION SPECTRUM FLAG
     0 IFIS          (N,F) CROSS SECTION FLAG 
     1 IALF          (N,ALPHA) CROSS SECTION FLAG
     1 INP           (N,P) CROSS SECTION FLAG
     1 IN2N          (N,2N) CROSS SECTION FLAG
     0 IND           (N,D) CROSS SECTION FLAG
     0 INT           (N,T) CROSS SECTION FLAG
     2 LTOT          NUMBER OF MOMENTS OF TOTAL CROSS SECTION PROVIDED
     1 LTRN          NUMBER OF MOMENTS OF TRANSPORT CROSS SECTION
     0 ISTRPD        NUMBER OF COORDINATE DIRECTIONS ... (MUST .EQ. 0)

ISOTOPE 64
ISOTOPE CONTROL AND GROUP INDEPENDENT DATA   (4D RECORD)
U-2386   HABSID        HOLLERITH ABSOLUTE ISOTOPE LABEL
ENDF/B   HIDENT        IDENTIFIER OF LIBRARY FROM WHICH BASIC DATA CAME
9237     HMAT          ISOTOPE IDENTIFICATION
  0.00 AMASS         GRAM ATOMIC WEIGHT
.0E+00 EFISS         TOTAL THERMAL ENERGY YIELD/FISSION (W.SEC/FISS)
.0E+00 ECAPT         TOTAL THERMAL ENERGY YIELD/CAPTURE (W.SEC/CAPT)
.0E+00 TEMP          ISOTOPE TEMPERATURE (DEGREES KELVIN)
.0E+00 SIGPOT        AVERAGE EFFECTIVE POTENTIAL SCATTERING IN RESONANCE RANGE (BARNS/ATOM)
.0E+00 ADENS         DENSITY OF ISOTOPE IN MIXTURE IN WHICH ISOTOPE CROSS SECTIONS WERE GENERATED (A/BARN-CM)
     0 KBR           ISOTOPE CLASSIFICATION (SEE DOCUMENTATION)
     0 ICHI          ISOTOPE FISSION SPECTRUM FLAG
     0 IFIS          (N,F) CROSS SECTION FLAG 
     0 IALF          (N,ALPHA) CROSS SECTION FLAG
     0 INP           (N,P) CROSS SECTION FLAG
     0 IN2N          (N,2N) CROSS SECTION FLAG
     0 IND           (N,D) CROSS SECTION FLAG
     0 INT           (N,T) CROSS SECTION FLAG
     2 LTOT          NUMBER OF MOMENTS OF TOTAL CROSS SECTION PROVIDED
     1 LTRN          NUMBER OF MOMENTS OF TRANSPORT CROSS SECTION
     0 ISTRPD        NUMBER OF COORDINATE DIRECTIONS ... (MUST .EQ. 0)

ISOTOPE 65
ISOTOPE CONTROL AND GROUP INDEPENDENT DATA   (4D RECORD)
U-2386   HABSID        HOLLERITH ABSOLUTE ISOTOPE LABEL
ENDF/B   HIDENT        IDENTIFIER OF LIBRARY FROM WHICH BASIC DATA CAME
9237     HMAT          ISOTOPE IDENTIFICATION
  0.00 AMASS         GRAM ATOMIC WEIGHT
.0E+00 EFISS         TOTAL THERMAL ENERGY YIELD/FISSION (W.SEC/FISS)
.0E+00 ECAPT         TOTAL THERMAL ENERGY YIELD/CAPTURE (W.SEC/CAPT)
.0E+00 TEMP          ISOTOPE TEMPERATURE (DEGREES KELVIN)
.0E+00 SIGPOT        AVERAGE EFFECTIVE POTENTIAL SCATTERING IN RESONANCE RANGE (BARNS/ATOM)
.0E+00 ADENS         DENSITY OF ISOTOPE IN MIXTURE IN WHICH ISOTOPE CROSS SECTIONS WERE GENERATED (A/BARN-CM)
     0 KBR           ISOTOPE CLASSIFICATION (SEE DOCUMENTATION)
     0 ICHI          ISOTOPE FISSION SPECTRUM FLAG
     0 IFIS          (N,F) CROSS SECTION FLAG 
     0 IALF          (N,ALPHA) CROSS SECTION FLAG
     0 INP           (N,P) CROSS SECTION FLAG
     0 IN2N          (N,2N) CROSS SECTION FLAG
     0 IND           (N,D) CROSS SECTION FLAG
     0 INT           (N,T) CROSS SECTION FLAG
     2 LTOT          NUMBER OF MOMENTS OF TOTAL CROSS SECTION PROVIDED
     1 LTRN          NUMBER OF MOMENTS OF TRANSPORT CROSS SECTION
     0 ISTRPD        NUMBER OF COORDINATE DIRECTIONS ... (MUST .EQ. 0)

ISOTOPE 66
ISOTOPE CONTROL AND GROUP INDEPENDENT DATA   (4D RECORD)
B-10 5   HABSID        HOLLERITH ABSOLUTE ISOTOPE LABEL
ENDF/B   HIDENT        IDENTIFIER OF LIBRARY FROM WHICH BASIC DATA CAME
1305     HMAT          ISOTOPE IDENTIFICATION
 10.01 AMASS         GRAM ATOMIC WEIGHT
.0E+00 EFISS         TOTAL THERMAL ENERGY YIELD/FISSION (W.SEC/FISS)
.4E-12 ECAPT         TOTAL THERMAL ENERGY YIELD/CAPTURE (W.SEC/CAPT)
.3E+03 TEMP          ISOTOPE TEMPERATURE (DEGREES KELVIN)
.3E+08 SIGPOT        AVERAGE EFFECTIVE POTENTIAL SCATTERING IN RESONANCE RANGE (BARNS/ATOM)
.1E-07 ADENS         DENSITY OF ISOTOPE IN MIXTURE IN WHICH ISOTOPE CROSS SECTIONS WERE GENERATED (A/BARN-CM)
     0 KBR           ISOTOPE CLASSIFICATION (SEE DOCUMENTATION)
     0 ICHI          ISOTOPE FISSION SPECTRUM FLAG
     0 IFIS          (N,F) CROSS SECTION FLAG 
     1 IALF          (N,ALPHA) CROSS SECTION FLAG
     1 INP           (N,P) CROSS SECTION FLAG
     0 IN2N          (N,2N) CROSS SECTION FLAG
     1 IND           (N,D) CROSS SECTION FLAG
     0 INT           (N,T) CROSS SECTION FLAG
     2 LTOT          NUMBER OF MOMENTS OF TOTAL CROSS SECTION PROVIDED
     1 LTRN          NUMBER OF MOMENTS OF TRANSPORT CROSS SECTION
     0 ISTRPD        NUMBER OF COORDINATE DIRECTIONS ... (MUST .EQ. 0)

ISOTOPE 67
ISOTOPE CONTROL AND GROUP INDEPENDENT DATA   (4D RECORD)
B-11 5   HABSID        HOLLERITH ABSOLUTE ISOTOPE LABEL
ENDF/B   HIDENT        IDENTIFIER OF LIBRARY FROM WHICH BASIC DATA CAME
1160     HMAT          ISOTOPE IDENTIFICATION
 11.01 AMASS         GRAM ATOMIC WEIGHT
.0E+00 EFISS         TOTAL THERMAL ENERGY YIELD/FISSION (W.SEC/FISS)
.5E-12 ECAPT         TOTAL THERMAL ENERGY YIELD/CAPTURE (W.SEC/CAPT)
.3E+03 TEMP          ISOTOPE TEMPERATURE (DEGREES KELVIN)
.3E+08 SIGPOT        AVERAGE EFFECTIVE POTENTIAL SCATTERING IN RESONANCE RANGE (BARNS/ATOM)
.1E-07 ADENS         DENSITY OF ISOTOPE IN MIXTURE IN WHICH ISOTOPE CROSS SECTIONS WERE GENERATED (A/BARN-CM)
     0 KBR           ISOTOPE CLASSIFICATION (SEE DOCUMENTATION)
     0 ICHI          ISOTOPE FISSION SPECTRUM FLAG
     0 IFIS          (N,F) CROSS SECTION FLAG 
     1 IALF          (N,ALPHA) CROSS SECTION FLAG
     1 INP           (N,P) CROSS SECTION FLAG
     1 IN2N          (N,2N) CROSS SECTION FLAG
     0 IND           (N,D) CROSS SECTION FLAG
     1 INT           (N,T) CROSS SECTION FLAG
     2 LTOT          NUMBER OF MOMENTS OF TOTAL CROSS SECTION PROVIDED
     1 LTRN          NUMBER OF MOMENTS OF TRANSPORT CROSS SECTION
     0 ISTRPD        NUMBER OF COORDINATE DIRECTIONS ... (MUST .EQ. 0)

ISOTOPE 68
ISOTOPE CONTROL AND GROUP INDEPENDENT DATA   (4D RECORD)
TH2325   HABSID        HOLLERITH ABSOLUTE ISOTOPE LABEL
ENDF/B   HIDENT        IDENTIFIER OF LIBRARY FROM WHICH BASIC DATA CAME
1390     HMAT          ISOTOPE IDENTIFICATION
232.03 AMASS         GRAM ATOMIC WEIGHT
.3E-10 EFISS         TOTAL THERMAL ENERGY YIELD/FISSION (W.SEC/FISS)
.1E-11 ECAPT         TOTAL THERMAL ENERGY YIELD/CAPTURE (W.SEC/CAPT)
.3E+03 TEMP          ISOTOPE TEMPERATURE (DEGREES KELVIN)
.3E+08 SIGPOT        AVERAGE EFFECTIVE POTENTIAL SCATTERING IN RESONANCE RANGE (BARNS/ATOM)
.1E-07 ADENS         DENSITY OF ISOTOPE IN MIXTURE IN WHICH ISOTOPE CROSS SECTIONS WERE GENERATED (A/BARN-CM)
     0 KBR           ISOTOPE CLASSIFICATION (SEE DOCUMENTATION)
     1 ICHI          ISOTOPE FISSION SPECTRUM FLAG
     1 IFIS          (N,F) CROSS SECTION FLAG 
     0 IALF          (N,ALPHA) CROSS SECTION FLAG
     0 INP           (N,P) CROSS SECTION FLAG
     1 IN2N          (N,2N) CROSS SECTION FLAG
     0 IND           (N,D) CROSS SECTION FLAG
     0 INT           (N,T) CROSS SECTION FLAG
     2 LTOT          NUMBER OF MOMENTS OF TOTAL CROSS SECTION PROVIDED
     1 LTRN          NUMBER OF MOMENTS OF TRANSPORT CROSS SECTION
     0 ISTRPD        NUMBER OF COORDINATE DIRECTIONS ... (MUST .EQ. 0)
